<?xml version="1.0" encoding="UTF-8"?>
<coverage generated="1764555137079" clover="3.2.0">
  <project timestamp="1764555137079" name="All files">
    <metrics statements="262" coveredstatements="257" conditionals="190" coveredconditionals="152" methods="67" coveredmethods="66" elements="519" coveredelements="475" complexity="0" loc="262" ncloc="262" packages="6" files="7" classes="7"/>
    <package name="indexeddb">
      <metrics statements="18" coveredstatements="18" conditionals="18" coveredconditionals="18" methods="4" coveredmethods="4"/>
      <file name="config.ts" path="C:\Users\pedro\Documents\GitHub\NPM\poc_npm_library\src\indexeddb\config.ts">
        <metrics statements="18" coveredstatements="18" conditionals="18" coveredconditionals="18" methods="4" coveredmethods="4"/>
        <line num="2" count="4" type="stmt"/>
        <line num="4" count="4" type="stmt"/>
        <line num="5" count="58" type="cond" truecount="4" falsecount="0"/>
        <line num="6" count="1" type="stmt"/>
        <line num="8" count="57" type="cond" truecount="4" falsecount="0"/>
        <line num="9" count="2" type="stmt"/>
        <line num="11" count="55" type="cond" truecount="4" falsecount="0"/>
        <line num="12" count="2" type="stmt"/>
        <line num="14" count="53" type="cond" truecount="4" falsecount="0"/>
        <line num="15" count="4" type="stmt"/>
        <line num="17" count="49" type="stmt"/>
        <line num="20" count="4" type="stmt"/>
        <line num="21" count="83" type="cond" truecount="2" falsecount="0"/>
        <line num="22" count="82" type="stmt"/>
        <line num="25" count="4" type="stmt"/>
        <line num="26" count="3" type="stmt"/>
        <line num="29" count="4" type="stmt"/>
        <line num="30" count="13" type="stmt"/>
      </file>
    </package>
    <package name="indexeddb.context">
      <metrics statements="47" coveredstatements="47" conditionals="27" coveredconditionals="21" methods="20" coveredmethods="19"/>
      <file name="db-context.ts" path="C:\Users\pedro\Documents\GitHub\NPM\poc_npm_library\src\indexeddb\context\db-context.ts">
        <metrics statements="47" coveredstatements="47" conditionals="27" coveredconditionals="21" methods="20" coveredmethods="19"/>
        <line num="6" count="4" type="stmt"/>
        <line num="7" count="69" type="stmt"/>
        <line num="8" count="69" type="stmt"/>
        <line num="10" count="69" type="cond" truecount="0" falsecount="2"/>
        <line num="13" count="67" type="cond" truecount="2" falsecount="0"/>
        <line num="14" count="66" type="stmt"/>
        <line num="15" count="66" type="stmt"/>
        <line num="16" count="66" type="stmt"/>
        <line num="17" count="58" type="stmt"/>
        <line num="18" count="58" type="stmt"/>
        <line num="19" count="58" type="stmt"/>
        <line num="21" count="1" type="stmt"/>
        <line num="24" count="66" type="stmt"/>
        <line num="25" count="65" type="stmt"/>
        <line num="26" count="65" type="stmt"/>
        <line num="27" count="65" type="stmt"/>
        <line num="29" count="66" type="cond" truecount="1" falsecount="1"/>
        <line num="31" count="66" type="stmt"/>
        <line num="35" count="69" type="cond" truecount="2" falsecount="0"/>
        <line num="36" count="62" type="stmt"/>
        <line num="37" count="62" type="stmt"/>
        <line num="38" count="62" type="stmt"/>
        <line num="43" count="62" type="cond" truecount="2" falsecount="0"/>
        <line num="44" count="62" type="cond" truecount="2" falsecount="0"/>
        <line num="45" count="2" type="stmt"/>
        <line num="46" count="2" type="cond" truecount="2" falsecount="0"/>
        <line num="47" count="1" type="stmt"/>
        <line num="55" count="58" type="stmt"/>
        <line num="56" count="58" type="stmt"/>
        <line num="57" count="57" type="stmt"/>
        <line num="59" count="57" type="stmt"/>
        <line num="61" count="55" type="stmt"/>
        <line num="62" count="52" type="stmt"/>
        <line num="63" count="52" type="stmt"/>
        <line num="64" count="52" type="cond" truecount="1" falsecount="1"/>
        <line num="67" count="55" type="stmt"/>
        <line num="68" count="3" type="stmt"/>
        <line num="69" count="3" type="stmt"/>
        <line num="70" count="3" type="cond" truecount="2" falsecount="0"/>
        <line num="71" count="3" type="cond" truecount="0" falsecount="2"/>
        <line num="74" count="55" type="cond" truecount="5" falsecount="0"/>
        <line num="75" count="52" type="stmt"/>
        <line num="78" count="3" type="cond" truecount="2" falsecount="0"/>
        <line num="80" count="1" type="stmt"/>
        <line num="81" count="1" type="stmt"/>
        <line num="84" count="2" type="stmt"/>
        <line num="85" count="1" type="stmt"/>
      </file>
    </package>
    <package name="indexeddb.init">
      <metrics statements="32" coveredstatements="32" conditionals="12" coveredconditionals="8" methods="5" coveredmethods="5"/>
      <file name="indexeddb-init.ts" path="C:\Users\pedro\Documents\GitHub\NPM\poc_npm_library\src\indexeddb\init\indexeddb-init.ts">
        <metrics statements="32" coveredstatements="32" conditionals="12" coveredconditionals="8" methods="5" coveredmethods="5"/>
        <line num="1" count="1" type="stmt"/>
        <line num="2" count="1" type="stmt"/>
        <line num="3" count="1" type="stmt"/>
        <line num="4" count="1" type="stmt"/>
        <line num="10" count="9" type="stmt"/>
        <line num="11" count="6" type="stmt"/>
        <line num="12" count="6" type="cond" truecount="1" falsecount="1"/>
        <line num="13" count="6" type="stmt"/>
        <line num="14" count="6" type="cond" truecount="1" falsecount="1"/>
        <line num="15" count="6" type="stmt"/>
        <line num="16" count="8" type="cond" truecount="1" falsecount="1"/>
        <line num="17" count="8" type="cond" truecount="1" falsecount="1"/>
        <line num="29" count="1" type="stmt"/>
        <line num="30" count="3" type="stmt"/>
        <line num="38" count="1" type="stmt"/>
        <line num="39" count="3" type="stmt"/>
        <line num="41" count="3" type="cond" truecount="2" falsecount="0"/>
        <line num="43" count="2" type="stmt"/>
        <line num="44" count="2" type="stmt"/>
        <line num="47" count="1" type="stmt"/>
        <line num="51" count="3" type="stmt"/>
        <line num="54" count="3" type="stmt"/>
        <line num="56" count="3" type="stmt"/>
        <line num="57" count="3" type="stmt"/>
        <line num="65" count="1" type="stmt"/>
        <line num="66" count="9" type="cond" truecount="2" falsecount="0"/>
        <line num="67" count="9" type="stmt"/>
        <line num="68" count="9" type="stmt"/>
        <line num="69" count="9" type="stmt"/>
        <line num="70" count="9" type="stmt"/>
        <line num="73" count="1" type="stmt"/>
        <line num="84" count="1" type="stmt"/>
      </file>
    </package>
    <package name="indexeddb.repositories">
      <metrics statements="58" coveredstatements="56" conditionals="53" coveredconditionals="39" methods="19" coveredmethods="19"/>
      <file name="base-repository.ts" path="C:\Users\pedro\Documents\GitHub\NPM\poc_npm_library\src\indexeddb\repositories\base-repository.ts">
        <metrics statements="20" coveredstatements="19" conditionals="19" coveredconditionals="10" methods="11" coveredmethods="11"/>
        <line num="24" count="4" type="stmt"/>
        <line num="27" count="50" type="cond" truecount="0" falsecount="1"/>
        <line num="28" count="50" type="stmt"/>
        <line num="44" count="27" type="stmt"/>
        <line num="45" count="27" type="cond" truecount="3" falsecount="1"/>
        <line num="46" count="27" type="cond" truecount="1" falsecount="3"/>
        <line num="47" count="27" type="stmt"/>
        <line num="48" count="27" type="stmt"/>
        <line num="53" count="27" type="stmt"/>
        <line num="64" count="11" type="stmt"/>
        <line num="65" count="11" type="cond" truecount="2" falsecount="0"/>
        <line num="81" count="4" type="stmt"/>
        <line num="83" count="4" type="cond" truecount="3" falsecount="1"/>
        <line num="84" count="4" type="cond" truecount="1" falsecount="3"/>
        <line num="85" count="4" type="stmt"/>
        <line num="86" count="4" type="stmt"/>
        <line num="88" count="0" type="stmt"/>
        <line num="93" count="4" type="stmt"/>
        <line num="104" count="2" type="stmt"/>
        <line num="114" count="3" type="stmt"/>
      </file>
      <file name="http-mock-repository.ts" path="C:\Users\pedro\Documents\GitHub\NPM\poc_npm_library\src\indexeddb\repositories\http-mock-repository.ts">
        <metrics statements="38" coveredstatements="37" conditionals="34" coveredconditionals="29" methods="8" coveredmethods="8"/>
        <line num="3" count="3" type="stmt"/>
        <line num="5" count="3" type="stmt"/>
        <line num="7" count="3" type="stmt"/>
        <line num="12" count="46" type="stmt"/>
        <line num="13" count="46" type="cond" truecount="1" falsecount="1"/>
        <line num="14" count="46" type="cond" truecount="1" falsecount="1"/>
        <line num="15" count="0" type="stmt"/>
        <line num="18" count="46" type="cond" truecount="1" falsecount="1"/>
        <line num="20" count="46" type="cond" truecount="2" falsecount="0"/>
        <line num="21" count="46" type="cond" truecount="2" falsecount="0"/>
        <line num="22" count="1" type="stmt"/>
        <line num="25" count="45" type="stmt"/>
        <line num="26" count="45" type="stmt"/>
        <line num="30" count="12" type="cond" truecount="2" falsecount="0"/>
        <line num="32" count="3" type="stmt"/>
        <line num="33" count="3" type="cond" truecount="4" falsecount="0"/>
        <line num="34" count="1" type="stmt"/>
        <line num="37" count="2" type="cond" truecount="2" falsecount="0"/>
        <line num="38" count="3" type="cond" truecount="2" falsecount="0"/>
        <line num="39" count="1" type="cond" truecount="1" falsecount="1"/>
        <line num="40" count="1" type="stmt"/>
        <line num="41" count="3" type="stmt"/>
        <line num="42" count="3" type="stmt"/>
        <line num="44" count="1" type="cond" truecount="1" falsecount="1"/>
        <line num="48" count="1" type="stmt"/>
        <line num="62" count="12" type="stmt"/>
        <line num="64" count="11" type="stmt"/>
        <line num="65" count="11" type="cond" truecount="2" falsecount="0"/>
        <line num="66" count="1" type="stmt"/>
        <line num="69" count="10" type="stmt"/>
        <line num="71" count="10" type="cond" truecount="2" falsecount="0"/>
        <line num="72" count="8" type="stmt"/>
        <line num="73" count="8" type="cond" truecount="2" falsecount="0"/>
        <line num="74" count="8" type="stmt"/>
        <line num="75" count="8" type="cond" truecount="2" falsecount="0"/>
        <line num="76" count="8" type="cond" truecount="2" falsecount="0"/>
        <line num="77" count="1" type="stmt"/>
        <line num="83" count="9" type="stmt"/>
      </file>
    </package>
    <package name="indexeddb.services">
      <metrics statements="79" coveredstatements="76" conditionals="64" coveredconditionals="53" methods="15" coveredmethods="15"/>
      <file name="http-mock-service.ts" path="C:\Users\pedro\Documents\GitHub\NPM\poc_npm_library\src\indexeddb\services\http-mock-service.ts">
        <metrics statements="79" coveredstatements="76" conditionals="64" coveredconditionals="53" methods="15" coveredmethods="15"/>
        <line num="3" count="2" type="stmt"/>
        <line num="5" count="2" type="stmt"/>
        <line num="7" count="2" type="stmt"/>
        <line num="8" count="32" type="stmt"/>
        <line num="13" count="32" type="stmt"/>
        <line num="14" count="32" type="stmt"/>
        <line num="17" count="32" type="cond" truecount="2" falsecount="0"/>
        <line num="18" count="29" type="stmt"/>
        <line num="19" count="29" type="stmt"/>
        <line num="20" count="29" type="cond" truecount="2" falsecount="0"/>
        <line num="21" count="29" type="stmt"/>
        <line num="23" count="3" type="stmt"/>
        <line num="24" count="3" type="stmt"/>
        <line num="25" count="3" type="stmt"/>
        <line num="26" count="3" type="stmt"/>
        <line num="32" count="32" type="cond" truecount="2" falsecount="0"/>
        <line num="33" count="32" type="stmt"/>
        <line num="34" count="32" type="cond" truecount="2" falsecount="0"/>
        <line num="35" count="30" type="stmt"/>
        <line num="39" count="15" type="stmt"/>
        <line num="40" count="15" type="stmt"/>
        <line num="41" count="15" type="stmt"/>
        <line num="45" count="1" type="stmt"/>
        <line num="49" count="5" type="stmt"/>
        <line num="51" count="5" type="stmt"/>
        <line num="54" count="5" type="stmt"/>
        <line num="55" count="10" type="cond" truecount="2" falsecount="0"/>
        <line num="56" count="3" type="stmt"/>
        <line num="57" count="3" type="stmt"/>
        <line num="61" count="5" type="cond" truecount="2" falsecount="0"/>
        <line num="62" count="2" type="stmt"/>
        <line num="65" count="3" type="stmt"/>
        <line num="66" count="3" type="cond" truecount="4" falsecount="0"/>
        <line num="67" count="2" type="stmt"/>
        <line num="70" count="1" type="stmt"/>
        <line num="71" count="1" type="stmt"/>
        <line num="74" count="1" type="stmt"/>
        <line num="78" count="1" type="stmt"/>
        <line num="79" count="1" type="stmt"/>
        <line num="80" count="1" type="cond" truecount="3" falsecount="1"/>
        <line num="81" count="1" type="stmt"/>
        <line num="82" count="1" type="stmt"/>
        <line num="86" count="5" type="cond" truecount="2" falsecount="0"/>
        <line num="87" count="3" type="stmt"/>
        <line num="88" count="3" type="cond" truecount="1" falsecount="1"/>
        <line num="89" count="0" type="stmt"/>
        <line num="92" count="2" type="stmt"/>
        <line num="93" count="2" type="stmt"/>
        <line num="94" count="2" type="stmt"/>
        <line num="95" count="2" type="stmt"/>
        <line num="97" count="2" type="stmt"/>
        <line num="101" count="3" type="stmt"/>
        <line num="102" count="3" type="stmt"/>
        <line num="103" count="3" type="cond" truecount="5" falsecount="1"/>
        <line num="104" count="2" type="stmt"/>
        <line num="105" count="4" type="cond" truecount="2" falsecount="0"/>
        <line num="106" count="1" type="cond" truecount="1" falsecount="1"/>
        <line num="107" count="0" type="stmt"/>
        <line num="109" count="2" type="cond" truecount="1" falsecount="3"/>
        <line num="113" count="1" type="cond" truecount="2" falsecount="0"/>
        <line num="114" count="1" type="cond" truecount="2" falsecount="0"/>
        <line num="115" count="1" type="stmt"/>
        <line num="119" count="1" type="cond" truecount="2" falsecount="0"/>
        <line num="120" count="1" type="cond" truecount="2" falsecount="0"/>
        <line num="121" count="1" type="stmt"/>
        <line num="125" count="2" type="cond" truecount="2" falsecount="0"/>
        <line num="126" count="2" type="cond" truecount="2" falsecount="0"/>
        <line num="127" count="1" type="cond" truecount="1" falsecount="1"/>
        <line num="129" count="1" type="cond" truecount="1" falsecount="1"/>
        <line num="133" count="4" type="stmt"/>
        <line num="134" count="4" type="stmt"/>
        <line num="135" count="4" type="cond" truecount="1" falsecount="1"/>
        <line num="137" count="4" type="stmt"/>
        <line num="138" count="4" type="cond" truecount="4" falsecount="0"/>
        <line num="140" count="2" type="cond" truecount="1" falsecount="1"/>
        <line num="141" count="2" type="stmt"/>
        <line num="142" count="2" type="stmt"/>
        <line num="144" count="1" type="stmt"/>
        <line num="148" count="0" type="stmt"/>
      </file>
    </package>
    <package name="indexeddb.utils">
      <metrics statements="28" coveredstatements="28" conditionals="16" coveredconditionals="13" methods="4" coveredmethods="4"/>
      <file name="inspect-db-structure.ts" path="C:\Users\pedro\Documents\GitHub\NPM\poc_npm_library\src\indexeddb\utils\inspect-db-structure.ts">
        <metrics statements="28" coveredstatements="28" conditionals="16" coveredconditionals="13" methods="4" coveredmethods="4"/>
        <line num="20" count="2" type="stmt"/>
        <line num="22" count="12" type="cond" truecount="2" falsecount="0"/>
        <line num="23" count="11" type="cond" truecount="3" falsecount="1"/>
        <line num="24" count="11" type="stmt"/>
        <line num="25" count="11" type="cond" truecount="2" falsecount="0"/>
        <line num="27" count="10" type="stmt"/>
        <line num="28" count="10" type="stmt"/>
        <line num="29" count="10" type="stmt"/>
        <line num="30" count="9" type="stmt"/>
        <line num="31" count="9" type="cond" truecount="2" falsecount="0"/>
        <line num="32" count="1" type="stmt"/>
        <line num="33" count="1" type="stmt"/>
        <line num="36" count="8" type="stmt"/>
        <line num="37" count="8" type="stmt"/>
        <line num="38" count="8" type="stmt"/>
        <line num="42" count="8" type="cond" truecount="1" falsecount="1"/>
        <line num="43" count="8" type="stmt"/>
        <line num="45" count="8" type="cond" truecount="1" falsecount="1"/>
        <line num="48" count="8" type="stmt"/>
        <line num="49" count="8" type="stmt"/>
        <line num="50" count="10" type="stmt"/>
        <line num="51" count="10" type="stmt"/>
        <line num="52" count="10" type="stmt"/>
        <line num="62" count="8" type="stmt"/>
        <line num="69" count="8" type="stmt"/>
        <line num="75" count="8" type="stmt"/>
        <line num="76" count="8" type="stmt"/>
        <line num="78" count="10" type="cond" truecount="2" falsecount="0"/>
      </file>
    </package>
  </project>
</coverage>
