{"C:\\Users\\pedro\\Documents\\GitHub\\NPM\\poc_npm_library\\src\\indexeddb\\config.ts": {"path":"C:\\Users\\pedro\\Documents\\GitHub\\NPM\\poc_npm_library\\src\\indexeddb\\config.ts","statementMap":{"0":{"start":{"line":4,"column":0},"end":{"line":4,"column":16}},"1":{"start":{"line":20,"column":0},"end":{"line":20,"column":16}},"2":{"start":{"line":25,"column":0},"end":{"line":25,"column":16}},"3":{"start":{"line":29,"column":0},"end":{"line":29,"column":16}},"4":{"start":{"line":2,"column":38},"end":{"line":2,"column":42}},"5":{"start":{"line":5,"column":2},"end":{"line":7,"column":3}},"6":{"start":{"line":6,"column":4},"end":{"line":6,"column":52}},"7":{"start":{"line":8,"column":2},"end":{"line":10,"column":3}},"8":{"start":{"line":9,"column":4},"end":{"line":9,"column":63}},"9":{"start":{"line":11,"column":2},"end":{"line":13,"column":3}},"10":{"start":{"line":12,"column":4},"end":{"line":12,"column":74}},"11":{"start":{"line":14,"column":2},"end":{"line":16,"column":3}},"12":{"start":{"line":15,"column":4},"end":{"line":15,"column":72}},"13":{"start":{"line":17,"column":2},"end":{"line":17,"column":26}},"14":{"start":{"line":21,"column":2},"end":{"line":21,"column":106}},"15":{"start":{"line":21,"column":18},"end":{"line":21,"column":106}},"16":{"start":{"line":22,"column":2},"end":{"line":22,"column":19}},"17":{"start":{"line":26,"column":2},"end":{"line":26,"column":28}},"18":{"start":{"line":30,"column":2},"end":{"line":30,"column":19}}},"fnMap":{"0":{"name":"setDbConfig","decl":{"start":{"line":4,"column":16},"end":{"line":4,"column":27}},"loc":{"start":{"line":4,"column":47},"end":{"line":18,"column":1}}},"1":{"name":"getDbConfig","decl":{"start":{"line":20,"column":16},"end":{"line":20,"column":27}},"loc":{"start":{"line":20,"column":27},"end":{"line":23,"column":1}}},"2":{"name":"isDbConfigInitialized","decl":{"start":{"line":25,"column":16},"end":{"line":25,"column":37}},"loc":{"start":{"line":25,"column":37},"end":{"line":27,"column":1}}},"3":{"name":"clearDbConfig","decl":{"start":{"line":29,"column":16},"end":{"line":29,"column":29}},"loc":{"start":{"line":29,"column":29},"end":{"line":31,"column":1}}}},"branchMap":{"0":{"loc":{"start":{"line":5,"column":2},"end":{"line":7,"column":3}},"type":"if","locations":[{"start":{"line":5,"column":2},"end":{"line":7,"column":3}},{"start":{},"end":{}}]},"1":{"loc":{"start":{"line":5,"column":6},"end":{"line":5,"column":39}},"type":"binary-expr","locations":[{"start":{"line":5,"column":6},"end":{"line":5,"column":11}},{"start":{"line":5,"column":15},"end":{"line":5,"column":39}}]},"2":{"loc":{"start":{"line":8,"column":2},"end":{"line":10,"column":3}},"type":"if","locations":[{"start":{"line":8,"column":2},"end":{"line":10,"column":3}},{"start":{},"end":{}}]},"3":{"loc":{"start":{"line":8,"column":6},"end":{"line":8,"column":53}},"type":"binary-expr","locations":[{"start":{"line":8,"column":6},"end":{"line":8,"column":18}},{"start":{"line":8,"column":22},"end":{"line":8,"column":53}}]},"4":{"loc":{"start":{"line":11,"column":2},"end":{"line":13,"column":3}},"type":"if","locations":[{"start":{"line":11,"column":2},"end":{"line":13,"column":3}},{"start":{},"end":{}}]},"5":{"loc":{"start":{"line":11,"column":6},"end":{"line":11,"column":58}},"type":"binary-expr","locations":[{"start":{"line":11,"column":6},"end":{"line":11,"column":37}},{"start":{"line":11,"column":41},"end":{"line":11,"column":58}}]},"6":{"loc":{"start":{"line":14,"column":2},"end":{"line":16,"column":3}},"type":"if","locations":[{"start":{"line":14,"column":2},"end":{"line":16,"column":3}},{"start":{},"end":{}}]},"7":{"loc":{"start":{"line":14,"column":6},"end":{"line":14,"column":61}},"type":"binary-expr","locations":[{"start":{"line":14,"column":6},"end":{"line":14,"column":33}},{"start":{"line":14,"column":37},"end":{"line":14,"column":61}}]},"8":{"loc":{"start":{"line":21,"column":2},"end":{"line":21,"column":106}},"type":"if","locations":[{"start":{"line":21,"column":2},"end":{"line":21,"column":106}},{"start":{},"end":{}}]}},"s":{"0":4,"1":4,"2":4,"3":4,"4":4,"5":58,"6":1,"7":57,"8":2,"9":55,"10":2,"11":53,"12":4,"13":49,"14":83,"15":1,"16":82,"17":3,"18":13},"f":{"0":58,"1":83,"2":3,"3":13},"b":{"0":[1,57],"1":[58,57],"2":[2,55],"3":[57,56],"4":[2,53],"5":[55,54],"6":[4,49],"7":[53,52],"8":[1,82]}}
,"C:\\Users\\pedro\\Documents\\GitHub\\NPM\\poc_npm_library\\src\\indexeddb\\context\\db-context.ts": {"path":"C:\\Users\\pedro\\Documents\\GitHub\\NPM\\poc_npm_library\\src\\indexeddb\\context\\db-context.ts","statementMap":{"0":{"start":{"line":10,"column":24},"end":{"line":10,"column":36}},"1":{"start":{"line":10,"column":46},"end":{"line":10,"column":56}},"2":{"start":{"line":10,"column":67},"end":{"line":10,"column":93}},"3":{"start":{"line":7,"column":12},"end":{"line":7,"column":58}},"4":{"start":{"line":8,"column":12},"end":{"line":8,"column":50}},"5":{"start":{"line":13,"column":8},"end":{"line":13,"column":50}},"6":{"start":{"line":13,"column":28},"end":{"line":13,"column":50}},"7":{"start":{"line":14,"column":8},"end":{"line":30,"column":11}},"8":{"start":{"line":15,"column":24},"end":{"line":15,"column":63}},"9":{"start":{"line":16,"column":12},"end":{"line":23,"column":14}},"10":{"start":{"line":17,"column":28},"end":{"line":17,"column":65}},"11":{"start":{"line":18,"column":16},"end":{"line":22,"column":17}},"12":{"start":{"line":19,"column":20},"end":{"line":19,"column":59}},"13":{"start":{"line":19,"column":53},"end":{"line":19,"column":59}},"14":{"start":{"line":21,"column":20},"end":{"line":21,"column":32}},"15":{"start":{"line":24,"column":12},"end":{"line":28,"column":14}},"16":{"start":{"line":25,"column":16},"end":{"line":25,"column":45}},"17":{"start":{"line":26,"column":16},"end":{"line":26,"column":69}},"18":{"start":{"line":26,"column":56},"end":{"line":26,"column":68}},"19":{"start":{"line":27,"column":16},"end":{"line":27,"column":41}},"20":{"start":{"line":29,"column":12},"end":{"line":29,"column":91}},"21":{"start":{"line":29,"column":32},"end":{"line":29,"column":90}},"22":{"start":{"line":31,"column":8},"end":{"line":31,"column":30}},"23":{"start":{"line":35,"column":8},"end":{"line":39,"column":9}},"24":{"start":{"line":36,"column":12},"end":{"line":36,"column":36}},"25":{"start":{"line":37,"column":12},"end":{"line":37,"column":35}},"26":{"start":{"line":38,"column":12},"end":{"line":38,"column":34}},"27":{"start":{"line":43,"column":8},"end":{"line":43,"column":47}},"28":{"start":{"line":43,"column":29},"end":{"line":43,"column":47}},"29":{"start":{"line":44,"column":8},"end":{"line":44,"column":52}},"30":{"start":{"line":44,"column":29},"end":{"line":44,"column":52}},"31":{"start":{"line":45,"column":19},"end":{"line":45,"column":39}},"32":{"start":{"line":46,"column":8},"end":{"line":46,"column":71}},"33":{"start":{"line":46,"column":17},"end":{"line":46,"column":71}},"34":{"start":{"line":47,"column":8},"end":{"line":47,"column":18}},"35":{"start":{"line":55,"column":19},"end":{"line":55,"column":37}},"36":{"start":{"line":56,"column":19},"end":{"line":56,"column":50}},"37":{"start":{"line":57,"column":22},"end":{"line":57,"column":47}},"38":{"start":{"line":59,"column":22},"end":{"line":59,"column":31}},"39":{"start":{"line":61,"column":35},"end":{"line":65,"column":14}},"40":{"start":{"line":62,"column":12},"end":{"line":65,"column":14}},"41":{"start":{"line":63,"column":16},"end":{"line":63,"column":58}},"42":{"start":{"line":63,"column":38},"end":{"line":63,"column":57}},"43":{"start":{"line":64,"column":16},"end":{"line":64,"column":95}},"44":{"start":{"line":64,"column":36},"end":{"line":64,"column":94}},"45":{"start":{"line":67,"column":30},"end":{"line":72,"column":14}},"46":{"start":{"line":68,"column":12},"end":{"line":72,"column":14}},"47":{"start":{"line":69,"column":16},"end":{"line":69,"column":57}},"48":{"start":{"line":69,"column":47},"end":{"line":69,"column":56}},"49":{"start":{"line":70,"column":16},"end":{"line":70,"column":106}},"50":{"start":{"line":70,"column":44},"end":{"line":70,"column":105}},"51":{"start":{"line":71,"column":16},"end":{"line":71,"column":104}},"52":{"start":{"line":71,"column":44},"end":{"line":71,"column":103}},"53":{"start":{"line":74,"column":8},"end":{"line":76,"column":9}},"54":{"start":{"line":75,"column":12},"end":{"line":75,"column":73}},"55":{"start":{"line":78,"column":8},"end":{"line":82,"column":9}},"56":{"start":{"line":80,"column":22},"end":{"line":80,"column":43}},"57":{"start":{"line":81,"column":12},"end":{"line":81,"column":81}},"58":{"start":{"line":81,"column":71},"end":{"line":81,"column":79}},"59":{"start":{"line":84,"column":8},"end":{"line":84,"column":32}},"60":{"start":{"line":85,"column":8},"end":{"line":85,"column":41}},"61":{"start":{"line":6,"column":0},"end":{"line":6,"column":13}}},"fnMap":{"0":{"name":"(anonymous_0)","decl":{"start":{"line":10,"column":4},"end":{"line":10,"column":24}},"loc":{"start":{"line":10,"column":95},"end":{"line":10,"column":99}}},"1":{"name":"(anonymous_1)","decl":{"start":{"line":12,"column":4},"end":{"line":12,"column":9}},"loc":{"start":{"line":12,"column":14},"end":{"line":32,"column":5}}},"2":{"name":"(anonymous_2)","decl":{"start":{"line":14,"column":50},"end":{"line":14,"column":51}},"loc":{"start":{"line":14,"column":70},"end":{"line":30,"column":9}}},"3":{"name":"(anonymous_3)","decl":{"start":{"line":16,"column":34},"end":{"line":16,"column":35}},"loc":{"start":{"line":16,"column":64},"end":{"line":23,"column":13}}},"4":{"name":"(anonymous_4)","decl":{"start":{"line":24,"column":28},"end":{"line":24,"column":31}},"loc":{"start":{"line":24,"column":33},"end":{"line":28,"column":13}}},"5":{"name":"(anonymous_5)","decl":{"start":{"line":26,"column":50},"end":{"line":26,"column":53}},"loc":{"start":{"line":26,"column":56},"end":{"line":26,"column":68}}},"6":{"name":"(anonymous_6)","decl":{"start":{"line":29,"column":26},"end":{"line":29,"column":29}},"loc":{"start":{"line":29,"column":32},"end":{"line":29,"column":90}}},"7":{"name":"(anonymous_7)","decl":{"start":{"line":34,"column":4},"end":{"line":34,"column":9}},"loc":{"start":{"line":34,"column":15},"end":{"line":40,"column":5}}},"8":{"name":"(anonymous_8)","decl":{"start":{"line":42,"column":4},"end":{"line":42,"column":9}},"loc":{"start":{"line":42,"column":15},"end":{"line":48,"column":5}}},"9":{"name":"(anonymous_9)","decl":{"start":{"line":50,"column":4},"end":{"line":50,"column":9}},"loc":{"start":{"line":53,"column":71},"end":{"line":86,"column":5}}},"10":{"name":"(anonymous_10)","decl":{"start":{"line":61,"column":35},"end":{"line":61,"column":36}},"loc":{"start":{"line":62,"column":12},"end":{"line":65,"column":14}}},"11":{"name":"(anonymous_11)","decl":{"start":{"line":62,"column":29},"end":{"line":62,"column":30}},"loc":{"start":{"line":62,"column":49},"end":{"line":65,"column":13}}},"12":{"name":"(anonymous_12)","decl":{"start":{"line":63,"column":32},"end":{"line":63,"column":35}},"loc":{"start":{"line":63,"column":38},"end":{"line":63,"column":57}}},"13":{"name":"(anonymous_13)","decl":{"start":{"line":64,"column":30},"end":{"line":64,"column":33}},"loc":{"start":{"line":64,"column":36},"end":{"line":64,"column":94}}},"14":{"name":"(anonymous_14)","decl":{"start":{"line":67,"column":30},"end":{"line":67,"column":31}},"loc":{"start":{"line":68,"column":12},"end":{"line":72,"column":14}}},"15":{"name":"(anonymous_15)","decl":{"start":{"line":68,"column":30},"end":{"line":68,"column":31}},"loc":{"start":{"line":68,"column":50},"end":{"line":72,"column":13}}},"16":{"name":"(anonymous_16)","decl":{"start":{"line":69,"column":41},"end":{"line":69,"column":44}},"loc":{"start":{"line":69,"column":47},"end":{"line":69,"column":56}}},"17":{"name":"(anonymous_17)","decl":{"start":{"line":70,"column":38},"end":{"line":70,"column":41}},"loc":{"start":{"line":70,"column":44},"end":{"line":70,"column":105}}},"18":{"name":"(anonymous_18)","decl":{"start":{"line":71,"column":38},"end":{"line":71,"column":41}},"loc":{"start":{"line":71,"column":44},"end":{"line":71,"column":103}}},"19":{"name":"(anonymous_19)","decl":{"start":{"line":81,"column":60},"end":{"line":81,"column":61}},"loc":{"start":{"line":81,"column":71},"end":{"line":81,"column":79}}}},"branchMap":{"0":{"loc":{"start":{"line":10,"column":46},"end":{"line":10,"column":57}},"type":"default-arg","locations":[{"start":{"line":10,"column":56},"end":{"line":10,"column":57}}]},"1":{"loc":{"start":{"line":10,"column":67},"end":{"line":10,"column":95}},"type":"default-arg","locations":[{"start":{"line":10,"column":93},"end":{"line":10,"column":95}}]},"2":{"loc":{"start":{"line":13,"column":8},"end":{"line":13,"column":50}},"type":"if","locations":[{"start":{"line":13,"column":8},"end":{"line":13,"column":50}},{"start":{},"end":{}}]},"3":{"loc":{"start":{"line":29,"column":39},"end":{"line":29,"column":89}},"type":"binary-expr","locations":[{"start":{"line":29,"column":39},"end":{"line":29,"column":48}},{"start":{"line":29,"column":52},"end":{"line":29,"column":89}}]},"4":{"loc":{"start":{"line":35,"column":8},"end":{"line":39,"column":9}},"type":"if","locations":[{"start":{"line":35,"column":8},"end":{"line":39,"column":9}},{"start":{},"end":{}}]},"5":{"loc":{"start":{"line":43,"column":8},"end":{"line":43,"column":47}},"type":"if","locations":[{"start":{"line":43,"column":8},"end":{"line":43,"column":47}},{"start":{},"end":{}}]},"6":{"loc":{"start":{"line":44,"column":8},"end":{"line":44,"column":52}},"type":"if","locations":[{"start":{"line":44,"column":8},"end":{"line":44,"column":52}},{"start":{},"end":{}}]},"7":{"loc":{"start":{"line":46,"column":8},"end":{"line":46,"column":71}},"type":"if","locations":[{"start":{"line":46,"column":8},"end":{"line":46,"column":71}},{"start":{},"end":{}}]},"8":{"loc":{"start":{"line":64,"column":43},"end":{"line":64,"column":93}},"type":"binary-expr","locations":[{"start":{"line":64,"column":43},"end":{"line":64,"column":52}},{"start":{"line":64,"column":56},"end":{"line":64,"column":93}}]},"9":{"loc":{"start":{"line":70,"column":51},"end":{"line":70,"column":104}},"type":"binary-expr","locations":[{"start":{"line":70,"column":51},"end":{"line":70,"column":68}},{"start":{"line":70,"column":72},"end":{"line":70,"column":104}}]},"10":{"loc":{"start":{"line":71,"column":51},"end":{"line":71,"column":102}},"type":"binary-expr","locations":[{"start":{"line":71,"column":51},"end":{"line":71,"column":68}},{"start":{"line":71,"column":72},"end":{"line":71,"column":102}}]},"11":{"loc":{"start":{"line":74,"column":8},"end":{"line":76,"column":9}},"type":"if","locations":[{"start":{"line":74,"column":8},"end":{"line":76,"column":9}},{"start":{},"end":{}}]},"12":{"loc":{"start":{"line":74,"column":12},"end":{"line":74,"column":118}},"type":"binary-expr","locations":[{"start":{"line":74,"column":12},"end":{"line":74,"column":39}},{"start":{"line":74,"column":44},"end":{"line":74,"column":49}},{"start":{"line":74,"column":53},"end":{"line":74,"column":117}}]},"13":{"loc":{"start":{"line":78,"column":8},"end":{"line":82,"column":9}},"type":"if","locations":[{"start":{"line":78,"column":8},"end":{"line":82,"column":9}},{"start":{},"end":{}}]}},"s":{"0":69,"1":69,"2":69,"3":69,"4":69,"5":67,"6":1,"7":66,"8":66,"9":66,"10":58,"11":58,"12":58,"13":58,"14":1,"15":66,"16":65,"17":65,"18":12,"19":65,"20":66,"21":1,"22":66,"23":69,"24":62,"25":62,"26":62,"27":62,"28":1,"29":62,"30":60,"31":2,"32":2,"33":1,"34":1,"35":58,"36":58,"37":57,"38":57,"39":55,"40":52,"41":52,"42":50,"43":52,"44":2,"45":55,"46":3,"47":3,"48":2,"49":3,"50":1,"51":3,"52":0,"53":55,"54":52,"55":3,"56":1,"57":1,"58":1,"59":2,"60":1,"61":4},"f":{"0":69,"1":67,"2":66,"3":58,"4":65,"5":12,"6":1,"7":69,"8":62,"9":58,"10":52,"11":52,"12":50,"13":2,"14":3,"15":3,"16":2,"17":1,"18":0,"19":1},"b":{"0":[0],"1":[0],"2":[1,66],"3":[1,0],"4":[62,7],"5":[1,61],"6":[60,2],"7":[1,1],"8":[2,0],"9":[1,1],"10":[0,0],"11":[52,3],"12":[55,3,1],"13":[1,2]}}
,"C:\\Users\\pedro\\Documents\\GitHub\\NPM\\poc_npm_library\\src\\indexeddb\\init\\indexeddb-init.ts": {"path":"C:\\Users\\pedro\\Documents\\GitHub\\NPM\\poc_npm_library\\src\\indexeddb\\init\\indexeddb-init.ts","statementMap":{"0":{"start":{"line":29,"column":0},"end":{"line":29,"column":7}},"1":{"start":{"line":38,"column":0},"end":{"line":38,"column":7}},"2":{"start":{"line":65,"column":0},"end":{"line":65,"column":7}},"3":{"start":{"line":1,"column":0},"end":{"line":1,"column":40}},"4":{"start":{"line":2,"column":0},"end":{"line":2,"column":61}},"5":{"start":{"line":3,"column":0},"end":{"line":3,"column":64}},"6":{"start":{"line":4,"column":0},"end":{"line":4,"column":95}},"7":{"start":{"line":10,"column":2},"end":{"line":23,"column":4}},"8":{"start":{"line":11,"column":4},"end":{"line":22,"column":5}},"9":{"start":{"line":12,"column":6},"end":{"line":21,"column":7}},"10":{"start":{"line":13,"column":22},"end":{"line":13,"column":108}},"11":{"start":{"line":14,"column":8},"end":{"line":20,"column":9}},"12":{"start":{"line":15,"column":10},"end":{"line":19,"column":11}},"13":{"start":{"line":16,"column":12},"end":{"line":18,"column":13}},"14":{"start":{"line":17,"column":14},"end":{"line":17,"column":81}},"15":{"start":{"line":30,"column":2},"end":{"line":30,"column":30}},"16":{"start":{"line":39,"column":47},"end":{"line":39,"column":50}},"17":{"start":{"line":41,"column":2},"end":{"line":49,"column":3}},"18":{"start":{"line":43,"column":4},"end":{"line":48,"column":5}},"19":{"start":{"line":44,"column":6},"end":{"line":44,"column":47}},"20":{"start":{"line":47,"column":6},"end":{"line":47,"column":44}},"21":{"start":{"line":51,"column":2},"end":{"line":51,"column":27}},"22":{"start":{"line":54,"column":14},"end":{"line":54,"column":55}},"23":{"start":{"line":56,"column":26},"end":{"line":56,"column":50}},"24":{"start":{"line":57,"column":2},"end":{"line":57,"column":45}},"25":{"start":{"line":66,"column":32},"end":{"line":66,"column":62}},"26":{"start":{"line":67,"column":21},"end":{"line":67,"column":49}},"27":{"start":{"line":68,"column":14},"end":{"line":68,"column":72}},"28":{"start":{"line":69,"column":2},"end":{"line":69,"column":19}},"29":{"start":{"line":70,"column":2},"end":{"line":70,"column":13}},"30":{"start":{"line":73,"column":48},"end":{"line":82,"column":2}},"31":{"start":{"line":84,"column":47},"end":{"line":89,"column":null}}},"fnMap":{"0":{"name":"makeMigration","decl":{"start":{"line":9,"column":9},"end":{"line":9,"column":22}},"loc":{"start":{"line":9,"column":54},"end":{"line":24,"column":1}}},"1":{"name":"(anonymous_1)","decl":{"start":{"line":10,"column":9},"end":{"line":10,"column":10}},"loc":{"start":{"line":10,"column":29},"end":{"line":23,"column":3}}},"2":{"name":"getIndexedDbConfig","decl":{"start":{"line":29,"column":22},"end":{"line":29,"column":40}},"loc":{"start":{"line":29,"column":40},"end":{"line":31,"column":1}}},"3":{"name":"createIndexedDbServices","decl":{"start":{"line":38,"column":22},"end":{"line":38,"column":45}},"loc":{"start":{"line":38,"column":65},"end":{"line":58,"column":1}}},"4":{"name":"createDefaultIndexedDb","decl":{"start":{"line":65,"column":22},"end":{"line":65,"column":44}},"loc":{"start":{"line":65,"column":64},"end":{"line":71,"column":1}}}},"branchMap":{"0":{"loc":{"start":{"line":12,"column":6},"end":{"line":21,"column":7}},"type":"if","locations":[{"start":{"line":12,"column":6},"end":{"line":21,"column":7}},{"start":{},"end":{}}]},"1":{"loc":{"start":{"line":14,"column":8},"end":{"line":20,"column":9}},"type":"if","locations":[{"start":{"line":14,"column":8},"end":{"line":20,"column":9}},{"start":{},"end":{}}]},"2":{"loc":{"start":{"line":16,"column":12},"end":{"line":18,"column":13}},"type":"if","locations":[{"start":{"line":16,"column":12},"end":{"line":18,"column":13}},{"start":{},"end":{}}]},"3":{"loc":{"start":{"line":17,"column":62},"end":{"line":17,"column":79}},"type":"binary-expr","locations":[{"start":{"line":17,"column":62},"end":{"line":17,"column":73}},{"start":{"line":17,"column":77},"end":{"line":17,"column":79}}]},"4":{"loc":{"start":{"line":41,"column":2},"end":{"line":49,"column":3}},"type":"if","locations":[{"start":{"line":41,"column":2},"end":{"line":49,"column":3}},{"start":{},"end":{}}]},"5":{"loc":{"start":{"line":66,"column":32},"end":{"line":66,"column":62}},"type":"binary-expr","locations":[{"start":{"line":66,"column":32},"end":{"line":66,"column":35}},{"start":{"line":66,"column":39},"end":{"line":66,"column":62}}]}},"s":{"0":1,"1":1,"2":1,"3":1,"4":1,"5":1,"6":1,"7":9,"8":6,"9":6,"10":6,"11":6,"12":6,"13":8,"14":8,"15":3,"16":3,"17":3,"18":2,"19":2,"20":1,"21":3,"22":3,"23":3,"24":3,"25":9,"26":9,"27":9,"28":9,"29":9,"30":1,"31":1},"f":{"0":9,"1":6,"2":3,"3":3,"4":9},"b":{"0":[6,0],"1":[6,0],"2":[8,0],"3":[8,0],"4":[2,1],"5":[9,1]}}
,"C:\\Users\\pedro\\Documents\\GitHub\\NPM\\poc_npm_library\\src\\indexeddb\\repositories\\base-repository.ts": {"path":"C:\\Users\\pedro\\Documents\\GitHub\\NPM\\poc_npm_library\\src\\indexeddb\\repositories\\base-repository.ts","statementMap":{"0":{"start":{"line":27,"column":26},"end":{"line":27,"column":47}},"1":{"start":{"line":27,"column":59},"end":{"line":27,"column":76}},"2":{"start":{"line":28,"column":8},"end":{"line":28,"column":31}},"3":{"start":{"line":44,"column":20},"end":{"line":44,"column":127}},"4":{"start":{"line":44,"column":109},"end":{"line":44,"column":126}},"5":{"start":{"line":45,"column":8},"end":{"line":52,"column":9}},"6":{"start":{"line":46,"column":23},"end":{"line":46,"column":88}},"7":{"start":{"line":47,"column":12},"end":{"line":51,"column":13}},"8":{"start":{"line":48,"column":17},"end":{"line":48,"column":42}},"9":{"start":{"line":53,"column":8},"end":{"line":53,"column":22}},"10":{"start":{"line":64,"column":23},"end":{"line":64,"column":127}},"11":{"start":{"line":64,"column":113},"end":{"line":64,"column":126}},"12":{"start":{"line":65,"column":8},"end":{"line":65,"column":52}},"13":{"start":{"line":81,"column":20},"end":{"line":81,"column":127}},"14":{"start":{"line":81,"column":109},"end":{"line":81,"column":126}},"15":{"start":{"line":83,"column":8},"end":{"line":91,"column":9}},"16":{"start":{"line":84,"column":23},"end":{"line":84,"column":88}},"17":{"start":{"line":85,"column":12},"end":{"line":90,"column":13}},"18":{"start":{"line":86,"column":17},"end":{"line":86,"column":42}},"19":{"start":{"line":88,"column":16},"end":{"line":88,"column":42}},"20":{"start":{"line":93,"column":8},"end":{"line":93,"column":22}},"21":{"start":{"line":104,"column":8},"end":{"line":104,"column":109}},"22":{"start":{"line":104,"column":91},"end":{"line":104,"column":107}},"23":{"start":{"line":114,"column":8},"end":{"line":114,"column":105}},"24":{"start":{"line":114,"column":89},"end":{"line":114,"column":103}},"25":{"start":{"line":24,"column":0},"end":{"line":24,"column":30}}},"fnMap":{"0":{"name":"(anonymous_0)","decl":{"start":{"line":27,"column":4},"end":{"line":27,"column":26}},"loc":{"start":{"line":27,"column":100},"end":{"line":29,"column":5}}},"1":{"name":"(anonymous_1)","decl":{"start":{"line":43,"column":4},"end":{"line":43,"column":9}},"loc":{"start":{"line":43,"column":26},"end":{"line":54,"column":5}}},"2":{"name":"(anonymous_2)","decl":{"start":{"line":44,"column":98},"end":{"line":44,"column":99}},"loc":{"start":{"line":44,"column":109},"end":{"line":44,"column":126}}},"3":{"name":"(anonymous_3)","decl":{"start":{"line":63,"column":4},"end":{"line":63,"column":9}},"loc":{"start":{"line":63,"column":30},"end":{"line":66,"column":5}}},"4":{"name":"(anonymous_4)","decl":{"start":{"line":64,"column":102},"end":{"line":64,"column":103}},"loc":{"start":{"line":64,"column":113},"end":{"line":64,"column":126}}},"5":{"name":"(anonymous_5)","decl":{"start":{"line":80,"column":4},"end":{"line":80,"column":9}},"loc":{"start":{"line":80,"column":26},"end":{"line":94,"column":5}}},"6":{"name":"(anonymous_6)","decl":{"start":{"line":81,"column":98},"end":{"line":81,"column":99}},"loc":{"start":{"line":81,"column":109},"end":{"line":81,"column":126}}},"7":{"name":"(anonymous_7)","decl":{"start":{"line":103,"column":4},"end":{"line":103,"column":9}},"loc":{"start":{"line":103,"column":32},"end":{"line":105,"column":5}}},"8":{"name":"(anonymous_8)","decl":{"start":{"line":104,"column":80},"end":{"line":104,"column":81}},"loc":{"start":{"line":104,"column":91},"end":{"line":104,"column":107}}},"9":{"name":"(anonymous_9)","decl":{"start":{"line":113,"column":4},"end":{"line":113,"column":9}},"loc":{"start":{"line":113,"column":17},"end":{"line":115,"column":5}}},"10":{"name":"(anonymous_10)","decl":{"start":{"line":114,"column":78},"end":{"line":114,"column":79}},"loc":{"start":{"line":114,"column":89},"end":{"line":114,"column":103}}}},"branchMap":{"0":{"loc":{"start":{"line":27,"column":78},"end":{"line":27,"column":100}},"type":"default-arg","locations":[{"start":{"line":27,"column":96},"end":{"line":27,"column":100}}]},"1":{"loc":{"start":{"line":45,"column":8},"end":{"line":52,"column":9}},"type":"if","locations":[{"start":{"line":45,"column":8},"end":{"line":52,"column":9}},{"start":{},"end":{}}]},"2":{"loc":{"start":{"line":45,"column":12},"end":{"line":45,"column":45}},"type":"binary-expr","locations":[{"start":{"line":45,"column":12},"end":{"line":45,"column":29}},{"start":{"line":45,"column":33},"end":{"line":45,"column":45}}]},"3":{"loc":{"start":{"line":46,"column":23},"end":{"line":46,"column":88}},"type":"binary-expr","locations":[{"start":{"line":46,"column":23},"end":{"line":46,"column":35}},{"start":{"line":46,"column":41},"end":{"line":46,"column":87}}]},"4":{"loc":{"start":{"line":46,"column":41},"end":{"line":46,"column":87}},"type":"cond-expr","locations":[{"start":{"line":46,"column":75},"end":{"line":46,"column":79}},{"start":{"line":46,"column":82},"end":{"line":46,"column":87}}]},"5":{"loc":{"start":{"line":65,"column":15},"end":{"line":65,"column":51}},"type":"cond-expr","locations":[{"start":{"line":65,"column":38},"end":{"line":65,"column":42}},{"start":{"line":65,"column":45},"end":{"line":65,"column":51}}]},"6":{"loc":{"start":{"line":83,"column":8},"end":{"line":91,"column":9}},"type":"if","locations":[{"start":{"line":83,"column":8},"end":{"line":91,"column":9}},{"start":{},"end":{}}]},"7":{"loc":{"start":{"line":83,"column":12},"end":{"line":83,"column":45}},"type":"binary-expr","locations":[{"start":{"line":83,"column":12},"end":{"line":83,"column":29}},{"start":{"line":83,"column":33},"end":{"line":83,"column":45}}]},"8":{"loc":{"start":{"line":84,"column":23},"end":{"line":84,"column":88}},"type":"binary-expr","locations":[{"start":{"line":84,"column":23},"end":{"line":84,"column":35}},{"start":{"line":84,"column":41},"end":{"line":84,"column":87}}]},"9":{"loc":{"start":{"line":84,"column":41},"end":{"line":84,"column":87}},"type":"cond-expr","locations":[{"start":{"line":84,"column":75},"end":{"line":84,"column":79}},{"start":{"line":84,"column":82},"end":{"line":84,"column":87}}]}},"s":{"0":50,"1":50,"2":50,"3":27,"4":27,"5":27,"6":27,"7":27,"8":27,"9":27,"10":11,"11":11,"12":11,"13":4,"14":4,"15":4,"16":4,"17":4,"18":4,"19":0,"20":4,"21":2,"22":2,"23":3,"24":3,"25":4},"f":{"0":50,"1":27,"2":27,"3":11,"4":11,"5":4,"6":4,"7":2,"8":2,"9":3,"10":3},"b":{"0":[0],"1":[27,0],"2":[27,27],"3":[27,0],"4":[0,0],"5":[3,8],"6":[4,0],"7":[4,4],"8":[4,0],"9":[0,0]}}
,"C:\\Users\\pedro\\Documents\\GitHub\\NPM\\poc_npm_library\\src\\indexeddb\\repositories\\http-mock-repository.ts": {"path":"C:\\Users\\pedro\\Documents\\GitHub\\NPM\\poc_npm_library\\src\\indexeddb\\repositories\\http-mock-repository.ts","statementMap":{"0":{"start":{"line":3,"column":0},"end":{"line":3,"column":47}},"1":{"start":{"line":5,"column":0},"end":{"line":5,"column":40}},"2":{"start":{"line":12,"column":20},"end":{"line":12,"column":33}},"3":{"start":{"line":13,"column":30},"end":{"line":13,"column":62}},"4":{"start":{"line":14,"column":8},"end":{"line":16,"column":9}},"5":{"start":{"line":15,"column":12},"end":{"line":15,"column":98}},"6":{"start":{"line":18,"column":22},"end":{"line":18,"column":85}},"7":{"start":{"line":18,"column":43},"end":{"line":18,"column":67}},"8":{"start":{"line":20,"column":32},"end":{"line":20,"column":57}},"9":{"start":{"line":21,"column":8},"end":{"line":23,"column":9}},"10":{"start":{"line":22,"column":12},"end":{"line":22,"column":151}},"11":{"start":{"line":25,"column":8},"end":{"line":25,"column":50}},"12":{"start":{"line":26,"column":8},"end":{"line":26,"column":30}},"13":{"start":{"line":30,"column":8},"end":{"line":30,"column":40}},"14":{"start":{"line":30,"column":23},"end":{"line":30,"column":40}},"15":{"start":{"line":32,"column":24},"end":{"line":32,"column":46}},"16":{"start":{"line":33,"column":8},"end":{"line":35,"column":9}},"17":{"start":{"line":34,"column":12},"end":{"line":34,"column":126}},"18":{"start":{"line":37,"column":8},"end":{"line":45,"column":9}},"19":{"start":{"line":38,"column":30},"end":{"line":38,"column":72}},"20":{"start":{"line":38,"column":44},"end":{"line":38,"column":71}},"21":{"start":{"line":39,"column":33},"end":{"line":39,"column":115}},"22":{"start":{"line":40,"column":26},"end":{"line":43,"column":14}},"23":{"start":{"line":41,"column":31},"end":{"line":41,"column":51}},"24":{"start":{"line":42,"column":16},"end":{"line":42,"column":63}},"25":{"start":{"line":44,"column":12},"end":{"line":44,"column":41}},"26":{"start":{"line":44,"column":23},"end":{"line":44,"column":41}},"27":{"start":{"line":48,"column":8},"end":{"line":48,"column":31}},"28":{"start":{"line":62,"column":24},"end":{"line":62,"column":73}},"29":{"start":{"line":64,"column":8},"end":{"line":84,"column":11}},"30":{"start":{"line":65,"column":12},"end":{"line":67,"column":13}},"31":{"start":{"line":66,"column":16},"end":{"line":66,"column":97}},"32":{"start":{"line":69,"column":24},"end":{"line":69,"column":44}},"33":{"start":{"line":71,"column":12},"end":{"line":81,"column":13}},"34":{"start":{"line":72,"column":31},"end":{"line":72,"column":42}},"35":{"start":{"line":73,"column":34},"end":{"line":73,"column":76}},"36":{"start":{"line":73,"column":48},"end":{"line":73,"column":75}},"37":{"start":{"line":74,"column":35},"end":{"line":74,"column":68}},"38":{"start":{"line":75,"column":37},"end":{"line":75,"column":119}},"39":{"start":{"line":76,"column":16},"end":{"line":80,"column":17}},"40":{"start":{"line":77,"column":20},"end":{"line":79,"column":22}},"41":{"start":{"line":83,"column":12},"end":{"line":83,"column":44}},"42":{"start":{"line":7,"column":0},"end":{"line":7,"column":13}}},"fnMap":{"0":{"name":"(anonymous_1)","decl":{"start":{"line":10,"column":4},"end":{"line":10,"column":16}},"loc":{"start":{"line":10,"column":67},"end":{"line":27,"column":5}}},"1":{"name":"(anonymous_2)","decl":{"start":{"line":18,"column":38},"end":{"line":18,"column":39}},"loc":{"start":{"line":18,"column":43},"end":{"line":18,"column":67}}},"2":{"name":"(anonymous_3)","decl":{"start":{"line":29,"column":12},"end":{"line":29,"column":28}},"loc":{"start":{"line":29,"column":84},"end":{"line":49,"column":5}}},"3":{"name":"(anonymous_4)","decl":{"start":{"line":38,"column":30},"end":{"line":38,"column":31}},"loc":{"start":{"line":38,"column":44},"end":{"line":38,"column":71}}},"4":{"name":"(anonymous_5)","decl":{"start":{"line":40,"column":39},"end":{"line":40,"column":40}},"loc":{"start":{"line":40,"column":43},"end":{"line":43,"column":13}}},"5":{"name":"(anonymous_6)","decl":{"start":{"line":57,"column":4},"end":{"line":57,"column":9}},"loc":{"start":{"line":60,"column":43},"end":{"line":85,"column":5}}},"6":{"name":"(anonymous_7)","decl":{"start":{"line":64,"column":91},"end":{"line":64,"column":92}},"loc":{"start":{"line":64,"column":101},"end":{"line":84,"column":9}}},"7":{"name":"(anonymous_8)","decl":{"start":{"line":73,"column":34},"end":{"line":73,"column":35}},"loc":{"start":{"line":73,"column":48},"end":{"line":73,"column":75}}}},"branchMap":{"0":{"loc":{"start":{"line":13,"column":30},"end":{"line":13,"column":62}},"type":"binary-expr","locations":[{"start":{"line":13,"column":30},"end":{"line":13,"column":39}},{"start":{"line":13,"column":43},"end":{"line":13,"column":62}}]},"1":{"loc":{"start":{"line":14,"column":8},"end":{"line":16,"column":9}},"type":"if","locations":[{"start":{"line":14,"column":8},"end":{"line":16,"column":9}},{"start":{},"end":{}}]},"2":{"loc":{"start":{"line":18,"column":22},"end":{"line":18,"column":85}},"type":"binary-expr","locations":[{"start":{"line":18,"column":22},"end":{"line":18,"column":68}},{"start":{"line":18,"column":72},"end":{"line":18,"column":85}}]},"3":{"loc":{"start":{"line":20,"column":32},"end":{"line":20,"column":57}},"type":"binary-expr","locations":[{"start":{"line":20,"column":32},"end":{"line":20,"column":39}},{"start":{"line":20,"column":43},"end":{"line":20,"column":57}}]},"4":{"loc":{"start":{"line":21,"column":8},"end":{"line":23,"column":9}},"type":"if","locations":[{"start":{"line":21,"column":8},"end":{"line":23,"column":9}},{"start":{},"end":{}}]},"5":{"loc":{"start":{"line":30,"column":8},"end":{"line":30,"column":40}},"type":"if","locations":[{"start":{"line":30,"column":8},"end":{"line":30,"column":40}},{"start":{},"end":{}}]},"6":{"loc":{"start":{"line":33,"column":8},"end":{"line":35,"column":9}},"type":"if","locations":[{"start":{"line":33,"column":8},"end":{"line":35,"column":9}},{"start":{},"end":{}}]},"7":{"loc":{"start":{"line":33,"column":12},"end":{"line":33,"column":44}},"type":"binary-expr","locations":[{"start":{"line":33,"column":12},"end":{"line":33,"column":20}},{"start":{"line":33,"column":24},"end":{"line":33,"column":44}}]},"8":{"loc":{"start":{"line":37,"column":8},"end":{"line":45,"column":9}},"type":"if","locations":[{"start":{"line":37,"column":8},"end":{"line":45,"column":9}},{"start":{},"end":{}}]},"9":{"loc":{"start":{"line":38,"column":44},"end":{"line":38,"column":71}},"type":"cond-expr","locations":[{"start":{"line":38,"column":64},"end":{"line":38,"column":66}},{"start":{"line":38,"column":69},"end":{"line":38,"column":71}}]},"10":{"loc":{"start":{"line":39,"column":48},"end":{"line":39,"column":114}},"type":"cond-expr","locations":[{"start":{"line":39,"column":81},"end":{"line":39,"column":96}},{"start":{"line":39,"column":99},"end":{"line":39,"column":114}}]},"11":{"loc":{"start":{"line":44,"column":12},"end":{"line":44,"column":41}},"type":"if","locations":[{"start":{"line":44,"column":12},"end":{"line":44,"column":41}},{"start":{},"end":{}}]},"12":{"loc":{"start":{"line":65,"column":12},"end":{"line":67,"column":13}},"type":"if","locations":[{"start":{"line":65,"column":12},"end":{"line":67,"column":13}},{"start":{},"end":{}}]},"13":{"loc":{"start":{"line":71,"column":12},"end":{"line":81,"column":13}},"type":"if","locations":[{"start":{"line":71,"column":12},"end":{"line":81,"column":13}},{"start":{},"end":{}}]},"14":{"loc":{"start":{"line":73,"column":48},"end":{"line":73,"column":75}},"type":"cond-expr","locations":[{"start":{"line":73,"column":68},"end":{"line":73,"column":70}},{"start":{"line":73,"column":73},"end":{"line":73,"column":75}}]},"15":{"loc":{"start":{"line":75,"column":52},"end":{"line":75,"column":118}},"type":"cond-expr","locations":[{"start":{"line":75,"column":85},"end":{"line":75,"column":100}},{"start":{"line":75,"column":103},"end":{"line":75,"column":118}}]},"16":{"loc":{"start":{"line":76,"column":16},"end":{"line":80,"column":17}},"type":"if","locations":[{"start":{"line":76,"column":16},"end":{"line":80,"column":17}},{"start":{},"end":{}}]}},"s":{"0":3,"1":3,"2":46,"3":46,"4":46,"5":0,"6":46,"7":46,"8":46,"9":46,"10":1,"11":45,"12":45,"13":12,"14":9,"15":3,"16":3,"17":1,"18":2,"19":1,"20":3,"21":1,"22":1,"23":3,"24":3,"25":1,"26":1,"27":1,"28":12,"29":11,"30":11,"31":1,"32":10,"33":10,"34":8,"35":8,"36":8,"37":8,"38":8,"39":8,"40":1,"41":9,"42":3},"f":{"0":46,"1":46,"2":12,"3":3,"4":3,"5":12,"6":11,"7":8},"b":{"0":[46,0],"1":[0,46],"2":[46,0],"3":[46,1],"4":[1,45],"5":[9,3],"6":[1,2],"7":[3,2],"8":[1,1],"9":[1,2],"10":[1,0],"11":[1,0],"12":[1,10],"13":[8,2],"14":[3,5],"15":[3,5],"16":[1,7]}}
,"C:\\Users\\pedro\\Documents\\GitHub\\NPM\\poc_npm_library\\src\\indexeddb\\services\\http-mock-service.ts": {"path":"C:\\Users\\pedro\\Documents\\GitHub\\NPM\\poc_npm_library\\src\\indexeddb\\services\\http-mock-service.ts","statementMap":{"0":{"start":{"line":3,"column":0},"end":{"line":3,"column":74}},"1":{"start":{"line":5,"column":0},"end":{"line":5,"column":40}},"2":{"start":{"line":8,"column":10},"end":{"line":8,"column":56}},"3":{"start":{"line":13,"column":4},"end":{"line":13,"column":31}},"4":{"start":{"line":14,"column":16},"end":{"line":14,"column":29}},"5":{"start":{"line":17,"column":4},"end":{"line":28,"column":5}},"6":{"start":{"line":18,"column":6},"end":{"line":18,"column":36}},"7":{"start":{"line":19,"column":23},"end":{"line":19,"column":65}},"8":{"start":{"line":19,"column":44},"end":{"line":19,"column":64}},"9":{"start":{"line":20,"column":17},"end":{"line":20,"column":45}},"10":{"start":{"line":21,"column":6},"end":{"line":21,"column":87}},"11":{"start":{"line":23,"column":6},"end":{"line":23,"column":45}},"12":{"start":{"line":24,"column":6},"end":{"line":27,"column":7}},"13":{"start":{"line":25,"column":19},"end":{"line":25,"column":28}},"14":{"start":{"line":26,"column":8},"end":{"line":26,"column":78}},"15":{"start":{"line":32,"column":17},"end":{"line":32,"column":47}},"16":{"start":{"line":33,"column":17},"end":{"line":33,"column":37}},"17":{"start":{"line":34,"column":4},"end":{"line":34,"column":100}},"18":{"start":{"line":34,"column":15},"end":{"line":34,"column":100}},"19":{"start":{"line":35,"column":4},"end":{"line":35,"column":16}},"20":{"start":{"line":39,"column":17},"end":{"line":39,"column":40}},"21":{"start":{"line":40,"column":19},"end":{"line":40,"column":77}},"22":{"start":{"line":41,"column":4},"end":{"line":41,"column":37}},"23":{"start":{"line":45,"column":4},"end":{"line":45,"column":50}},"24":{"start":{"line":49,"column":17},"end":{"line":49,"column":40}},"25":{"start":{"line":51,"column":26},"end":{"line":51,"column":39}},"26":{"start":{"line":54,"column":4},"end":{"line":59,"column":5}},"27":{"start":{"line":55,"column":6},"end":{"line":58,"column":7}},"28":{"start":{"line":56,"column":8},"end":{"line":56,"column":47}},"29":{"start":{"line":57,"column":8},"end":{"line":57,"column":14}},"30":{"start":{"line":61,"column":4},"end":{"line":63,"column":5}},"31":{"start":{"line":62,"column":6},"end":{"line":62,"column":81}},"32":{"start":{"line":65,"column":21},"end":{"line":65,"column":40}},"33":{"start":{"line":66,"column":4},"end":{"line":68,"column":5}},"34":{"start":{"line":67,"column":6},"end":{"line":67,"column":40}},"35":{"start":{"line":70,"column":4},"end":{"line":72,"column":14}},"36":{"start":{"line":71,"column":6},"end":{"line":71,"column":31}},"37":{"start":{"line":74,"column":4},"end":{"line":74,"column":37}},"38":{"start":{"line":78,"column":17},"end":{"line":78,"column":40}},"39":{"start":{"line":79,"column":21},"end":{"line":79,"column":40}},"40":{"start":{"line":80,"column":4},"end":{"line":80,"column":66}},"41":{"start":{"line":80,"column":53},"end":{"line":80,"column":66}},"42":{"start":{"line":81,"column":4},"end":{"line":81,"column":26}},"43":{"start":{"line":82,"column":4},"end":{"line":82,"column":16}},"44":{"start":{"line":86,"column":4},"end":{"line":90,"column":5}},"45":{"start":{"line":87,"column":19},"end":{"line":87,"column":44}},"46":{"start":{"line":88,"column":6},"end":{"line":88,"column":27}},"47":{"start":{"line":88,"column":17},"end":{"line":88,"column":27}},"48":{"start":{"line":89,"column":6},"end":{"line":89,"column":34}},"49":{"start":{"line":92,"column":34},"end":{"line":92,"column":36}},"50":{"start":{"line":93,"column":4},"end":{"line":96,"column":5}},"51":{"start":{"line":94,"column":20},"end":{"line":94,"column":40}},"52":{"start":{"line":95,"column":6},"end":{"line":95,"column":25}},"53":{"start":{"line":97,"column":4},"end":{"line":97,"column":15}},"54":{"start":{"line":101,"column":16},"end":{"line":101,"column":29}},"55":{"start":{"line":102,"column":21},"end":{"line":102,"column":63}},"56":{"start":{"line":102,"column":42},"end":{"line":102,"column":62}},"57":{"start":{"line":103,"column":4},"end":{"line":103,"column":76}},"58":{"start":{"line":103,"column":40},"end":{"line":103,"column":76}},"59":{"start":{"line":104,"column":16},"end":{"line":108,"column":6}},"60":{"start":{"line":105,"column":6},"end":{"line":105,"column":75}},"61":{"start":{"line":105,"column":41},"end":{"line":105,"column":75}},"62":{"start":{"line":106,"column":6},"end":{"line":106,"column":76}},"63":{"start":{"line":106,"column":36},"end":{"line":106,"column":76}},"64":{"start":{"line":107,"column":6},"end":{"line":107,"column":19}},"65":{"start":{"line":109,"column":4},"end":{"line":109,"column":86}},"66":{"start":{"line":113,"column":19},"end":{"line":113,"column":49}},"67":{"start":{"line":114,"column":16},"end":{"line":114,"column":86}},"68":{"start":{"line":115,"column":4},"end":{"line":115,"column":95}},"69":{"start":{"line":119,"column":19},"end":{"line":119,"column":49}},"70":{"start":{"line":120,"column":16},"end":{"line":120,"column":102}},"71":{"start":{"line":121,"column":4},"end":{"line":121,"column":103}},"72":{"start":{"line":125,"column":19},"end":{"line":125,"column":49}},"73":{"start":{"line":126,"column":4},"end":{"line":128,"column":5}},"74":{"start":{"line":127,"column":6},"end":{"line":127,"column":144}},"75":{"start":{"line":129,"column":4},"end":{"line":129,"column":98}},"76":{"start":{"line":133,"column":17},"end":{"line":133,"column":40}},"77":{"start":{"line":134,"column":19},"end":{"line":134,"column":38}},"78":{"start":{"line":135,"column":4},"end":{"line":135,"column":29}},"79":{"start":{"line":135,"column":17},"end":{"line":135,"column":29}},"80":{"start":{"line":137,"column":17},"end":{"line":137,"column":44}},"81":{"start":{"line":138,"column":4},"end":{"line":138,"column":55}},"82":{"start":{"line":138,"column":43},"end":{"line":138,"column":55}},"83":{"start":{"line":140,"column":4},"end":{"line":146,"column":5}},"84":{"start":{"line":141,"column":6},"end":{"line":145,"column":7}},"85":{"start":{"line":142,"column":8},"end":{"line":142,"column":36}},"86":{"start":{"line":144,"column":8},"end":{"line":144,"column":35}},"87":{"start":{"line":148,"column":4},"end":{"line":148,"column":31}},"88":{"start":{"line":7,"column":0},"end":{"line":7,"column":13}}},"fnMap":{"0":{"name":"(anonymous_0)","decl":{"start":{"line":12,"column":2},"end":{"line":12,"column":14}},"loc":{"start":{"line":12,"column":72},"end":{"line":29,"column":3}}},"1":{"name":"(anonymous_1)","decl":{"start":{"line":19,"column":39},"end":{"line":19,"column":40}},"loc":{"start":{"line":19,"column":44},"end":{"line":19,"column":64}}},"2":{"name":"(anonymous_2)","decl":{"start":{"line":31,"column":10},"end":{"line":31,"column":17}},"loc":{"start":{"line":31,"column":36},"end":{"line":36,"column":3}}},"3":{"name":"(anonymous_3)","decl":{"start":{"line":38,"column":2},"end":{"line":38,"column":7}},"loc":{"start":{"line":38,"column":68},"end":{"line":42,"column":3}}},"4":{"name":"(anonymous_4)","decl":{"start":{"line":44,"column":2},"end":{"line":44,"column":7}},"loc":{"start":{"line":44,"column":55},"end":{"line":46,"column":3}}},"5":{"name":"(anonymous_5)","decl":{"start":{"line":48,"column":2},"end":{"line":48,"column":7}},"loc":{"start":{"line":48,"column":61},"end":{"line":75,"column":3}}},"6":{"name":"(anonymous_6)","decl":{"start":{"line":77,"column":2},"end":{"line":77,"column":7}},"loc":{"start":{"line":77,"column":54},"end":{"line":83,"column":3}}},"7":{"name":"(anonymous_7)","decl":{"start":{"line":85,"column":2},"end":{"line":85,"column":7}},"loc":{"start":{"line":85,"column":38},"end":{"line":98,"column":3}}},"8":{"name":"(anonymous_8)","decl":{"start":{"line":100,"column":10},"end":{"line":100,"column":40}},"loc":{"start":{"line":100,"column":103},"end":{"line":110,"column":3}}},"9":{"name":"(anonymous_9)","decl":{"start":{"line":102,"column":37},"end":{"line":102,"column":38}},"loc":{"start":{"line":102,"column":42},"end":{"line":102,"column":62}}},"10":{"name":"(anonymous_10)","decl":{"start":{"line":104,"column":38},"end":{"line":104,"column":39}},"loc":{"start":{"line":104,"column":42},"end":{"line":108,"column":5}}},"11":{"name":"(anonymous_11)","decl":{"start":{"line":112,"column":2},"end":{"line":112,"column":7}},"loc":{"start":{"line":112,"column":113},"end":{"line":116,"column":3}}},"12":{"name":"(anonymous_12)","decl":{"start":{"line":118,"column":2},"end":{"line":118,"column":7}},"loc":{"start":{"line":118,"column":137},"end":{"line":122,"column":3}}},"13":{"name":"(anonymous_13)","decl":{"start":{"line":124,"column":2},"end":{"line":124,"column":7}},"loc":{"start":{"line":124,"column":129},"end":{"line":130,"column":3}}},"14":{"name":"(anonymous_14)","decl":{"start":{"line":132,"column":2},"end":{"line":132,"column":7}},"loc":{"start":{"line":132,"column":64},"end":{"line":149,"column":3}}}},"branchMap":{"0":{"loc":{"start":{"line":17,"column":4},"end":{"line":28,"column":5}},"type":"if","locations":[{"start":{"line":17,"column":4},"end":{"line":28,"column":5}},{"start":{"line":22,"column":11},"end":{"line":28,"column":5}}]},"1":{"loc":{"start":{"line":20,"column":17},"end":{"line":20,"column":45}},"type":"binary-expr","locations":[{"start":{"line":20,"column":17},"end":{"line":20,"column":24}},{"start":{"line":20,"column":28},"end":{"line":20,"column":45}}]},"2":{"loc":{"start":{"line":32,"column":17},"end":{"line":32,"column":47}},"type":"binary-expr","locations":[{"start":{"line":32,"column":17},"end":{"line":32,"column":26}},{"start":{"line":32,"column":30},"end":{"line":32,"column":47}}]},"3":{"loc":{"start":{"line":34,"column":4},"end":{"line":34,"column":100}},"type":"if","locations":[{"start":{"line":34,"column":4},"end":{"line":34,"column":100}},{"start":{},"end":{}}]},"4":{"loc":{"start":{"line":55,"column":6},"end":{"line":58,"column":7}},"type":"if","locations":[{"start":{"line":55,"column":6},"end":{"line":58,"column":7}},{"start":{},"end":{}}]},"5":{"loc":{"start":{"line":61,"column":4},"end":{"line":63,"column":5}},"type":"if","locations":[{"start":{"line":61,"column":4},"end":{"line":63,"column":5}},{"start":{},"end":{}}]},"6":{"loc":{"start":{"line":66,"column":4},"end":{"line":68,"column":5}},"type":"if","locations":[{"start":{"line":66,"column":4},"end":{"line":68,"column":5}},{"start":{},"end":{}}]},"7":{"loc":{"start":{"line":66,"column":8},"end":{"line":66,"column":51}},"type":"binary-expr","locations":[{"start":{"line":66,"column":8},"end":{"line":66,"column":25}},{"start":{"line":66,"column":29},"end":{"line":66,"column":51}}]},"8":{"loc":{"start":{"line":80,"column":4},"end":{"line":80,"column":66}},"type":"if","locations":[{"start":{"line":80,"column":4},"end":{"line":80,"column":66}},{"start":{},"end":{}}]},"9":{"loc":{"start":{"line":80,"column":8},"end":{"line":80,"column":51}},"type":"binary-expr","locations":[{"start":{"line":80,"column":8},"end":{"line":80,"column":25}},{"start":{"line":80,"column":29},"end":{"line":80,"column":51}}]},"10":{"loc":{"start":{"line":86,"column":4},"end":{"line":90,"column":5}},"type":"if","locations":[{"start":{"line":86,"column":4},"end":{"line":90,"column":5}},{"start":{},"end":{}}]},"11":{"loc":{"start":{"line":88,"column":6},"end":{"line":88,"column":27}},"type":"if","locations":[{"start":{"line":88,"column":6},"end":{"line":88,"column":27}},{"start":{},"end":{}}]},"12":{"loc":{"start":{"line":103,"column":4},"end":{"line":103,"column":76}},"type":"if","locations":[{"start":{"line":103,"column":4},"end":{"line":103,"column":76}},{"start":{},"end":{}}]},"13":{"loc":{"start":{"line":103,"column":8},"end":{"line":103,"column":38}},"type":"binary-expr","locations":[{"start":{"line":103,"column":8},"end":{"line":103,"column":17}},{"start":{"line":103,"column":21},"end":{"line":103,"column":38}}]},"14":{"loc":{"start":{"line":103,"column":47},"end":{"line":103,"column":75}},"type":"binary-expr","locations":[{"start":{"line":103,"column":47},"end":{"line":103,"column":59}},{"start":{"line":103,"column":63},"end":{"line":103,"column":75}}]},"15":{"loc":{"start":{"line":105,"column":6},"end":{"line":105,"column":75}},"type":"if","locations":[{"start":{"line":105,"column":6},"end":{"line":105,"column":75}},{"start":{},"end":{}}]},"16":{"loc":{"start":{"line":106,"column":6},"end":{"line":106,"column":76}},"type":"if","locations":[{"start":{"line":106,"column":6},"end":{"line":106,"column":76}},{"start":{},"end":{}}]},"17":{"loc":{"start":{"line":109,"column":11},"end":{"line":109,"column":85}},"type":"binary-expr","locations":[{"start":{"line":109,"column":11},"end":{"line":109,"column":20}},{"start":{"line":109,"column":25},"end":{"line":109,"column":50}},{"start":{"line":109,"column":55},"end":{"line":109,"column":67}},{"start":{"line":109,"column":71},"end":{"line":109,"column":83}}]},"18":{"loc":{"start":{"line":112,"column":51},"end":{"line":112,"column":93}},"type":"default-arg","locations":[{"start":{"line":112,"column":88},"end":{"line":112,"column":93}}]},"19":{"loc":{"start":{"line":113,"column":19},"end":{"line":113,"column":49}},"type":"binary-expr","locations":[{"start":{"line":113,"column":19},"end":{"line":113,"column":28}},{"start":{"line":113,"column":32},"end":{"line":113,"column":49}}]},"20":{"loc":{"start":{"line":114,"column":16},"end":{"line":114,"column":86}},"type":"binary-expr","locations":[{"start":{"line":114,"column":16},"end":{"line":114,"column":25}},{"start":{"line":114,"column":29},"end":{"line":114,"column":86}}]},"21":{"loc":{"start":{"line":118,"column":67},"end":{"line":118,"column":117}},"type":"default-arg","locations":[{"start":{"line":118,"column":104},"end":{"line":118,"column":117}}]},"22":{"loc":{"start":{"line":119,"column":19},"end":{"line":119,"column":49}},"type":"binary-expr","locations":[{"start":{"line":119,"column":19},"end":{"line":119,"column":28}},{"start":{"line":119,"column":32},"end":{"line":119,"column":49}}]},"23":{"loc":{"start":{"line":120,"column":16},"end":{"line":120,"column":102}},"type":"binary-expr","locations":[{"start":{"line":120,"column":16},"end":{"line":120,"column":25}},{"start":{"line":120,"column":29},"end":{"line":120,"column":102}}]},"24":{"loc":{"start":{"line":125,"column":19},"end":{"line":125,"column":49}},"type":"binary-expr","locations":[{"start":{"line":125,"column":19},"end":{"line":125,"column":28}},{"start":{"line":125,"column":32},"end":{"line":125,"column":49}}]},"25":{"loc":{"start":{"line":126,"column":4},"end":{"line":128,"column":5}},"type":"if","locations":[{"start":{"line":126,"column":4},"end":{"line":128,"column":5}},{"start":{},"end":{}}]},"26":{"loc":{"start":{"line":127,"column":103},"end":{"line":127,"column":125}},"type":"binary-expr","locations":[{"start":{"line":127,"column":103},"end":{"line":127,"column":112}},{"start":{"line":127,"column":116},"end":{"line":127,"column":125}}]},"27":{"loc":{"start":{"line":129,"column":57},"end":{"line":129,"column":79}},"type":"binary-expr","locations":[{"start":{"line":129,"column":57},"end":{"line":129,"column":66}},{"start":{"line":129,"column":70},"end":{"line":129,"column":79}}]},"28":{"loc":{"start":{"line":135,"column":4},"end":{"line":135,"column":29}},"type":"if","locations":[{"start":{"line":135,"column":4},"end":{"line":135,"column":29}},{"start":{},"end":{}}]},"29":{"loc":{"start":{"line":138,"column":4},"end":{"line":138,"column":55}},"type":"if","locations":[{"start":{"line":138,"column":4},"end":{"line":138,"column":55}},{"start":{},"end":{}}]},"30":{"loc":{"start":{"line":138,"column":8},"end":{"line":138,"column":41}},"type":"binary-expr","locations":[{"start":{"line":138,"column":8},"end":{"line":138,"column":25}},{"start":{"line":138,"column":29},"end":{"line":138,"column":41}}]},"31":{"loc":{"start":{"line":140,"column":4},"end":{"line":146,"column":5}},"type":"if","locations":[{"start":{"line":140,"column":4},"end":{"line":146,"column":5}},{"start":{},"end":{}}]}},"s":{"0":2,"1":2,"2":32,"3":32,"4":32,"5":32,"6":29,"7":29,"8":29,"9":29,"10":29,"11":3,"12":3,"13":3,"14":3,"15":32,"16":32,"17":32,"18":2,"19":30,"20":15,"21":15,"22":15,"23":1,"24":5,"25":5,"26":5,"27":10,"28":3,"29":3,"30":5,"31":2,"32":3,"33":3,"34":2,"35":1,"36":1,"37":1,"38":1,"39":1,"40":1,"41":0,"42":1,"43":1,"44":5,"45":3,"46":3,"47":3,"48":0,"49":2,"50":2,"51":2,"52":2,"53":2,"54":3,"55":3,"56":3,"57":3,"58":1,"59":2,"60":4,"61":3,"62":1,"63":1,"64":0,"65":2,"66":1,"67":1,"68":1,"69":1,"70":1,"71":1,"72":2,"73":2,"74":1,"75":1,"76":4,"77":4,"78":4,"79":0,"80":4,"81":4,"82":2,"83":2,"84":2,"85":2,"86":1,"87":0,"88":2},"f":{"0":32,"1":29,"2":32,"3":15,"4":1,"5":5,"6":1,"7":5,"8":3,"9":3,"10":4,"11":1,"12":1,"13":2,"14":4},"b":{"0":[29,3],"1":[29,5],"2":[32,19],"3":[2,30],"4":[3,7],"5":[2,3],"6":[2,1],"7":[3,1],"8":[0,1],"9":[1,1],"10":[3,2],"11":[3,0],"12":[1,2],"13":[3,3],"14":[1,0],"15":[3,1],"16":[1,0],"17":[2,0,0,0],"18":[1],"19":[1,1],"20":[1,1],"21":[1],"22":[1,1],"23":[1,1],"24":[2,2],"25":[1,1],"26":[1,0],"27":[1,0],"28":[0,4],"29":[2,2],"30":[4,3],"31":[2,0]}}
,"C:\\Users\\pedro\\Documents\\GitHub\\NPM\\poc_npm_library\\src\\indexeddb\\utils\\inspect-db-structure.ts": {"path":"C:\\Users\\pedro\\Documents\\GitHub\\NPM\\poc_npm_library\\src\\indexeddb\\utils\\inspect-db-structure.ts","statementMap":{"0":{"start":{"line":20,"column":0},"end":{"line":20,"column":7}},"1":{"start":{"line":22,"column":14},"end":{"line":22,"column":132}},"2":{"start":{"line":23,"column":2},"end":{"line":23,"column":81}},"3":{"start":{"line":23,"column":32},"end":{"line":23,"column":81}},"4":{"start":{"line":24,"column":17},"end":{"line":24,"column":28}},"5":{"start":{"line":25,"column":2},"end":{"line":25,"column":59}},"6":{"start":{"line":25,"column":15},"end":{"line":25,"column":59}},"7":{"start":{"line":27,"column":2},"end":{"line":79,"column":5}},"8":{"start":{"line":28,"column":16},"end":{"line":28,"column":38}},"9":{"start":{"line":29,"column":4},"end":{"line":77,"column":6}},"10":{"start":{"line":30,"column":17},"end":{"line":30,"column":27}},"11":{"start":{"line":31,"column":6},"end":{"line":34,"column":7}},"12":{"start":{"line":32,"column":8},"end":{"line":32,"column":19}},"13":{"start":{"line":33,"column":8},"end":{"line":33,"column":76}},"14":{"start":{"line":36,"column":24},"end":{"line":36,"column":46}},"15":{"start":{"line":37,"column":17},"end":{"line":37,"column":54}},"16":{"start":{"line":38,"column":20},"end":{"line":38,"column":45}},"17":{"start":{"line":42,"column":6},"end":{"line":44,"column":7}},"18":{"start":{"line":43,"column":8},"end":{"line":43,"column":32}},"19":{"start":{"line":45,"column":28},"end":{"line":45,"column":60}},"20":{"start":{"line":48,"column":37},"end":{"line":48,"column":39}},"21":{"start":{"line":49,"column":6},"end":{"line":60,"column":7}},"22":{"start":{"line":49,"column":19},"end":{"line":49,"column":20}},"23":{"start":{"line":50,"column":24},"end":{"line":50,"column":43}},"24":{"start":{"line":51,"column":20},"end":{"line":51,"column":40}},"25":{"start":{"line":52,"column":8},"end":{"line":59,"column":11}},"26":{"start":{"line":62,"column":39},"end":{"line":67,"column":8}},"27":{"start":{"line":69,"column":36},"end":{"line":73,"column":8}},"28":{"start":{"line":75,"column":6},"end":{"line":75,"column":17}},"29":{"start":{"line":76,"column":6},"end":{"line":76,"column":22}},"30":{"start":{"line":78,"column":4},"end":{"line":78,"column":83}},"31":{"start":{"line":78,"column":24},"end":{"line":78,"column":82}}},"fnMap":{"0":{"name":"inspectDbStructure","decl":{"start":{"line":20,"column":22},"end":{"line":20,"column":40}},"loc":{"start":{"line":20,"column":40},"end":{"line":80,"column":1}}},"1":{"name":"(anonymous_1)","decl":{"start":{"line":27,"column":21},"end":{"line":27,"column":22}},"loc":{"start":{"line":27,"column":41},"end":{"line":79,"column":3}}},"2":{"name":"(anonymous_2)","decl":{"start":{"line":29,"column":20},"end":{"line":29,"column":23}},"loc":{"start":{"line":29,"column":25},"end":{"line":77,"column":5}}},"3":{"name":"(anonymous_3)","decl":{"start":{"line":78,"column":18},"end":{"line":78,"column":21}},"loc":{"start":{"line":78,"column":24},"end":{"line":78,"column":82}}}},"branchMap":{"0":{"loc":{"start":{"line":22,"column":21},"end":{"line":22,"column":131}},"type":"cond-expr","locations":[{"start":{"line":22,"column":43},"end":{"line":22,"column":64}},{"start":{"line":22,"column":67},"end":{"line":22,"column":131}}]},"1":{"loc":{"start":{"line":23,"column":2},"end":{"line":23,"column":81}},"type":"if","locations":[{"start":{"line":23,"column":2},"end":{"line":23,"column":81}},{"start":{},"end":{}}]},"2":{"loc":{"start":{"line":23,"column":6},"end":{"line":23,"column":30}},"type":"binary-expr","locations":[{"start":{"line":23,"column":6},"end":{"line":23,"column":10}},{"start":{"line":23,"column":14},"end":{"line":23,"column":30}}]},"3":{"loc":{"start":{"line":25,"column":2},"end":{"line":25,"column":59}},"type":"if","locations":[{"start":{"line":25,"column":2},"end":{"line":25,"column":59}},{"start":{},"end":{}}]},"4":{"loc":{"start":{"line":31,"column":6},"end":{"line":34,"column":7}},"type":"if","locations":[{"start":{"line":31,"column":6},"end":{"line":34,"column":7}},{"start":{},"end":{}}]},"5":{"loc":{"start":{"line":42,"column":6},"end":{"line":44,"column":7}},"type":"if","locations":[{"start":{"line":42,"column":6},"end":{"line":44,"column":7}},{"start":{},"end":{}}]},"6":{"loc":{"start":{"line":45,"column":28},"end":{"line":45,"column":60}},"type":"binary-expr","locations":[{"start":{"line":45,"column":28},"end":{"line":45,"column":47}},{"start":{"line":45,"column":51},"end":{"line":45,"column":60}}]},"7":{"loc":{"start":{"line":78,"column":31},"end":{"line":78,"column":81}},"type":"binary-expr","locations":[{"start":{"line":78,"column":31},"end":{"line":78,"column":40}},{"start":{"line":78,"column":44},"end":{"line":78,"column":81}}]}},"s":{"0":2,"1":12,"2":11,"3":0,"4":11,"5":11,"6":1,"7":10,"8":10,"9":10,"10":9,"11":9,"12":1,"13":1,"14":8,"15":8,"16":8,"17":8,"18":8,"19":8,"20":8,"21":8,"22":8,"23":10,"24":10,"25":10,"26":8,"27":8,"28":8,"29":8,"30":10,"31":1},"f":{"0":12,"1":10,"2":9,"3":1},"b":{"0":[11,1],"1":[0,11],"2":[11,11],"3":[1,10],"4":[1,8],"5":[8,0],"6":[8,0],"7":[1,1]}}
}
