TN:
SF:src\indexeddb\config.ts
FN:4,setDbConfig
FN:20,getDbConfig
FN:25,isDbConfigInitialized
FN:29,clearDbConfig
FNF:4
FNH:4
FNDA:58,setDbConfig
FNDA:83,getDbConfig
FNDA:3,isDbConfigInitialized
FNDA:13,clearDbConfig
DA:2,4
DA:4,4
DA:5,58
DA:6,1
DA:8,57
DA:9,2
DA:11,55
DA:12,2
DA:14,53
DA:15,4
DA:17,49
DA:20,4
DA:21,83
DA:22,82
DA:25,4
DA:26,3
DA:29,4
DA:30,13
LF:18
LH:18
BRDA:5,0,0,1
BRDA:5,0,1,57
BRDA:5,1,0,58
BRDA:5,1,1,57
BRDA:8,2,0,2
BRDA:8,2,1,55
BRDA:8,3,0,57
BRDA:8,3,1,56
BRDA:11,4,0,2
BRDA:11,4,1,53
BRDA:11,5,0,55
BRDA:11,5,1,54
BRDA:14,6,0,4
BRDA:14,6,1,49
BRDA:14,7,0,53
BRDA:14,7,1,52
BRDA:21,8,0,1
BRDA:21,8,1,82
BRF:18
BRH:18
end_of_record
TN:
SF:src\indexeddb\context\db-context.ts
FN:10,(anonymous_0)
FN:12,(anonymous_1)
FN:14,(anonymous_2)
FN:16,(anonymous_3)
FN:24,(anonymous_4)
FN:26,(anonymous_5)
FN:29,(anonymous_6)
FN:34,(anonymous_7)
FN:42,(anonymous_8)
FN:50,(anonymous_9)
FN:61,(anonymous_10)
FN:62,(anonymous_11)
FN:63,(anonymous_12)
FN:64,(anonymous_13)
FN:67,(anonymous_14)
FN:68,(anonymous_15)
FN:69,(anonymous_16)
FN:70,(anonymous_17)
FN:71,(anonymous_18)
FN:81,(anonymous_19)
FNF:20
FNH:19
FNDA:69,(anonymous_0)
FNDA:67,(anonymous_1)
FNDA:66,(anonymous_2)
FNDA:58,(anonymous_3)
FNDA:65,(anonymous_4)
FNDA:12,(anonymous_5)
FNDA:1,(anonymous_6)
FNDA:69,(anonymous_7)
FNDA:62,(anonymous_8)
FNDA:58,(anonymous_9)
FNDA:52,(anonymous_10)
FNDA:52,(anonymous_11)
FNDA:50,(anonymous_12)
FNDA:2,(anonymous_13)
FNDA:3,(anonymous_14)
FNDA:3,(anonymous_15)
FNDA:2,(anonymous_16)
FNDA:1,(anonymous_17)
FNDA:0,(anonymous_18)
FNDA:1,(anonymous_19)
DA:6,4
DA:7,69
DA:8,69
DA:10,69
DA:13,67
DA:14,66
DA:15,66
DA:16,66
DA:17,58
DA:18,58
DA:19,58
DA:21,1
DA:24,66
DA:25,65
DA:26,65
DA:27,65
DA:29,66
DA:31,66
DA:35,69
DA:36,62
DA:37,62
DA:38,62
DA:43,62
DA:44,62
DA:45,2
DA:46,2
DA:47,1
DA:55,58
DA:56,58
DA:57,57
DA:59,57
DA:61,55
DA:62,52
DA:63,52
DA:64,52
DA:67,55
DA:68,3
DA:69,3
DA:70,3
DA:71,3
DA:74,55
DA:75,52
DA:78,3
DA:80,1
DA:81,1
DA:84,2
DA:85,1
LF:47
LH:47
BRDA:10,0,0,0
BRDA:10,1,0,0
BRDA:13,2,0,1
BRDA:13,2,1,66
BRDA:29,3,0,1
BRDA:29,3,1,0
BRDA:35,4,0,62
BRDA:35,4,1,7
BRDA:43,5,0,1
BRDA:43,5,1,61
BRDA:44,6,0,60
BRDA:44,6,1,2
BRDA:46,7,0,1
BRDA:46,7,1,1
BRDA:64,8,0,2
BRDA:64,8,1,0
BRDA:70,9,0,1
BRDA:70,9,1,1
BRDA:71,10,0,0
BRDA:71,10,1,0
BRDA:74,11,0,52
BRDA:74,11,1,3
BRDA:74,12,0,55
BRDA:74,12,1,3
BRDA:74,12,2,1
BRDA:78,13,0,1
BRDA:78,13,1,2
BRF:27
BRH:21
end_of_record
TN:
SF:src\indexeddb\init\indexeddb-init.ts
FN:9,makeMigration
FN:10,(anonymous_1)
FN:29,getIndexedDbConfig
FN:38,createIndexedDbServices
FN:65,createDefaultIndexedDb
FNF:5
FNH:5
FNDA:9,makeMigration
FNDA:6,(anonymous_1)
FNDA:3,getIndexedDbConfig
FNDA:3,createIndexedDbServices
FNDA:9,createDefaultIndexedDb
DA:1,1
DA:2,1
DA:3,1
DA:4,1
DA:10,9
DA:11,6
DA:12,6
DA:13,6
DA:14,6
DA:15,6
DA:16,8
DA:17,8
DA:29,1
DA:30,3
DA:38,1
DA:39,3
DA:41,3
DA:43,2
DA:44,2
DA:47,1
DA:51,3
DA:54,3
DA:56,3
DA:57,3
DA:65,1
DA:66,9
DA:67,9
DA:68,9
DA:69,9
DA:70,9
DA:73,1
DA:84,1
LF:32
LH:32
BRDA:12,0,0,6
BRDA:12,0,1,0
BRDA:14,1,0,6
BRDA:14,1,1,0
BRDA:16,2,0,8
BRDA:16,2,1,0
BRDA:17,3,0,8
BRDA:17,3,1,0
BRDA:41,4,0,2
BRDA:41,4,1,1
BRDA:66,5,0,9
BRDA:66,5,1,1
BRF:12
BRH:8
end_of_record
TN:
SF:src\indexeddb\repositories\base-repository.ts
FN:27,(anonymous_0)
FN:43,(anonymous_1)
FN:44,(anonymous_2)
FN:63,(anonymous_3)
FN:64,(anonymous_4)
FN:80,(anonymous_5)
FN:81,(anonymous_6)
FN:103,(anonymous_7)
FN:104,(anonymous_8)
FN:113,(anonymous_9)
FN:114,(anonymous_10)
FNF:11
FNH:11
FNDA:50,(anonymous_0)
FNDA:27,(anonymous_1)
FNDA:27,(anonymous_2)
FNDA:11,(anonymous_3)
FNDA:11,(anonymous_4)
FNDA:4,(anonymous_5)
FNDA:4,(anonymous_6)
FNDA:2,(anonymous_7)
FNDA:2,(anonymous_8)
FNDA:3,(anonymous_9)
FNDA:3,(anonymous_10)
DA:24,4
DA:27,50
DA:28,50
DA:44,27
DA:45,27
DA:46,27
DA:47,27
DA:48,27
DA:53,27
DA:64,11
DA:65,11
DA:81,4
DA:83,4
DA:84,4
DA:85,4
DA:86,4
DA:88,0
DA:93,4
DA:104,2
DA:114,3
LF:20
LH:19
BRDA:27,0,0,0
BRDA:45,1,0,27
BRDA:45,1,1,0
BRDA:45,2,0,27
BRDA:45,2,1,27
BRDA:46,3,0,27
BRDA:46,3,1,0
BRDA:46,4,0,0
BRDA:46,4,1,0
BRDA:65,5,0,3
BRDA:65,5,1,8
BRDA:83,6,0,4
BRDA:83,6,1,0
BRDA:83,7,0,4
BRDA:83,7,1,4
BRDA:84,8,0,4
BRDA:84,8,1,0
BRDA:84,9,0,0
BRDA:84,9,1,0
BRF:19
BRH:10
end_of_record
TN:
SF:src\indexeddb\repositories\http-mock-repository.ts
FN:10,(anonymous_1)
FN:18,(anonymous_2)
FN:29,(anonymous_3)
FN:38,(anonymous_4)
FN:40,(anonymous_5)
FN:57,(anonymous_6)
FN:64,(anonymous_7)
FN:73,(anonymous_8)
FNF:8
FNH:8
FNDA:46,(anonymous_1)
FNDA:46,(anonymous_2)
FNDA:12,(anonymous_3)
FNDA:3,(anonymous_4)
FNDA:3,(anonymous_5)
FNDA:12,(anonymous_6)
FNDA:11,(anonymous_7)
FNDA:8,(anonymous_8)
DA:3,3
DA:5,3
DA:7,3
DA:12,46
DA:13,46
DA:14,46
DA:15,0
DA:18,46
DA:20,46
DA:21,46
DA:22,1
DA:25,45
DA:26,45
DA:30,12
DA:32,3
DA:33,3
DA:34,1
DA:37,2
DA:38,3
DA:39,1
DA:40,1
DA:41,3
DA:42,3
DA:44,1
DA:48,1
DA:62,12
DA:64,11
DA:65,11
DA:66,1
DA:69,10
DA:71,10
DA:72,8
DA:73,8
DA:74,8
DA:75,8
DA:76,8
DA:77,1
DA:83,9
LF:38
LH:37
BRDA:13,0,0,46
BRDA:13,0,1,0
BRDA:14,1,0,0
BRDA:14,1,1,46
BRDA:18,2,0,46
BRDA:18,2,1,0
BRDA:20,3,0,46
BRDA:20,3,1,1
BRDA:21,4,0,1
BRDA:21,4,1,45
BRDA:30,5,0,9
BRDA:30,5,1,3
BRDA:33,6,0,1
BRDA:33,6,1,2
BRDA:33,7,0,3
BRDA:33,7,1,2
BRDA:37,8,0,1
BRDA:37,8,1,1
BRDA:38,9,0,1
BRDA:38,9,1,2
BRDA:39,10,0,1
BRDA:39,10,1,0
BRDA:44,11,0,1
BRDA:44,11,1,0
BRDA:65,12,0,1
BRDA:65,12,1,10
BRDA:71,13,0,8
BRDA:71,13,1,2
BRDA:73,14,0,3
BRDA:73,14,1,5
BRDA:75,15,0,3
BRDA:75,15,1,5
BRDA:76,16,0,1
BRDA:76,16,1,7
BRF:34
BRH:29
end_of_record
TN:
SF:src\indexeddb\services\http-mock-service.ts
FN:12,(anonymous_0)
FN:19,(anonymous_1)
FN:31,(anonymous_2)
FN:38,(anonymous_3)
FN:44,(anonymous_4)
FN:48,(anonymous_5)
FN:77,(anonymous_6)
FN:85,(anonymous_7)
FN:100,(anonymous_8)
FN:102,(anonymous_9)
FN:104,(anonymous_10)
FN:112,(anonymous_11)
FN:118,(anonymous_12)
FN:124,(anonymous_13)
FN:132,(anonymous_14)
FNF:15
FNH:15
FNDA:32,(anonymous_0)
FNDA:29,(anonymous_1)
FNDA:32,(anonymous_2)
FNDA:15,(anonymous_3)
FNDA:1,(anonymous_4)
FNDA:5,(anonymous_5)
FNDA:1,(anonymous_6)
FNDA:5,(anonymous_7)
FNDA:3,(anonymous_8)
FNDA:3,(anonymous_9)
FNDA:4,(anonymous_10)
FNDA:1,(anonymous_11)
FNDA:1,(anonymous_12)
FNDA:2,(anonymous_13)
FNDA:4,(anonymous_14)
DA:3,2
DA:5,2
DA:7,2
DA:8,32
DA:13,32
DA:14,32
DA:17,32
DA:18,29
DA:19,29
DA:20,29
DA:21,29
DA:23,3
DA:24,3
DA:25,3
DA:26,3
DA:32,32
DA:33,32
DA:34,32
DA:35,30
DA:39,15
DA:40,15
DA:41,15
DA:45,1
DA:49,5
DA:51,5
DA:54,5
DA:55,10
DA:56,3
DA:57,3
DA:61,5
DA:62,2
DA:65,3
DA:66,3
DA:67,2
DA:70,1
DA:71,1
DA:74,1
DA:78,1
DA:79,1
DA:80,1
DA:81,1
DA:82,1
DA:86,5
DA:87,3
DA:88,3
DA:89,0
DA:92,2
DA:93,2
DA:94,2
DA:95,2
DA:97,2
DA:101,3
DA:102,3
DA:103,3
DA:104,2
DA:105,4
DA:106,1
DA:107,0
DA:109,2
DA:113,1
DA:114,1
DA:115,1
DA:119,1
DA:120,1
DA:121,1
DA:125,2
DA:126,2
DA:127,1
DA:129,1
DA:133,4
DA:134,4
DA:135,4
DA:137,4
DA:138,4
DA:140,2
DA:141,2
DA:142,2
DA:144,1
DA:148,0
LF:79
LH:76
BRDA:17,0,0,29
BRDA:17,0,1,3
BRDA:20,1,0,29
BRDA:20,1,1,5
BRDA:32,2,0,32
BRDA:32,2,1,19
BRDA:34,3,0,2
BRDA:34,3,1,30
BRDA:55,4,0,3
BRDA:55,4,1,7
BRDA:61,5,0,2
BRDA:61,5,1,3
BRDA:66,6,0,2
BRDA:66,6,1,1
BRDA:66,7,0,3
BRDA:66,7,1,1
BRDA:80,8,0,0
BRDA:80,8,1,1
BRDA:80,9,0,1
BRDA:80,9,1,1
BRDA:86,10,0,3
BRDA:86,10,1,2
BRDA:88,11,0,3
BRDA:88,11,1,0
BRDA:103,12,0,1
BRDA:103,12,1,2
BRDA:103,13,0,3
BRDA:103,13,1,3
BRDA:103,14,0,1
BRDA:103,14,1,0
BRDA:105,15,0,3
BRDA:105,15,1,1
BRDA:106,16,0,1
BRDA:106,16,1,0
BRDA:109,17,0,2
BRDA:109,17,1,0
BRDA:109,17,2,0
BRDA:109,17,3,0
BRDA:112,18,0,1
BRDA:113,19,0,1
BRDA:113,19,1,1
BRDA:114,20,0,1
BRDA:114,20,1,1
BRDA:118,21,0,1
BRDA:119,22,0,1
BRDA:119,22,1,1
BRDA:120,23,0,1
BRDA:120,23,1,1
BRDA:125,24,0,2
BRDA:125,24,1,2
BRDA:126,25,0,1
BRDA:126,25,1,1
BRDA:127,26,0,1
BRDA:127,26,1,0
BRDA:129,27,0,1
BRDA:129,27,1,0
BRDA:135,28,0,0
BRDA:135,28,1,4
BRDA:138,29,0,2
BRDA:138,29,1,2
BRDA:138,30,0,4
BRDA:138,30,1,3
BRDA:140,31,0,2
BRDA:140,31,1,0
BRF:64
BRH:53
end_of_record
TN:
SF:src\indexeddb\utils\inspect-db-structure.ts
FN:20,inspectDbStructure
FN:27,(anonymous_1)
FN:29,(anonymous_2)
FN:78,(anonymous_3)
FNF:4
FNH:4
FNDA:12,inspectDbStructure
FNDA:10,(anonymous_1)
FNDA:9,(anonymous_2)
FNDA:1,(anonymous_3)
DA:20,2
DA:22,12
DA:23,11
DA:24,11
DA:25,11
DA:27,10
DA:28,10
DA:29,10
DA:30,9
DA:31,9
DA:32,1
DA:33,1
DA:36,8
DA:37,8
DA:38,8
DA:42,8
DA:43,8
DA:45,8
DA:48,8
DA:49,8
DA:50,10
DA:51,10
DA:52,10
DA:62,8
DA:69,8
DA:75,8
DA:76,8
DA:78,10
LF:28
LH:28
BRDA:22,0,0,11
BRDA:22,0,1,1
BRDA:23,1,0,0
BRDA:23,1,1,11
BRDA:23,2,0,11
BRDA:23,2,1,11
BRDA:25,3,0,1
BRDA:25,3,1,10
BRDA:31,4,0,1
BRDA:31,4,1,8
BRDA:42,5,0,8
BRDA:42,5,1,0
BRDA:45,6,0,8
BRDA:45,6,1,0
BRDA:78,7,0,1
BRDA:78,7,1,1
BRF:16
BRH:13
end_of_record
